{"C:\\Users\\yt037\\Desktop\\kaikeba\\projects\\vue-study\\src\\App.vue": {"path":"C:\\Users\\yt037\\Desktop\\kaikeba\\projects\\vue-study\\src\\App.vue","statementMap":{"0":{"start":{"line":29,"column":0},"end":{"line":null,"column":-1}},"1":{"start":{"line":30,"column":0},"end":{"line":null,"column":-1}},"2":{"start":{"line":31,"column":0},"end":{"line":null,"column":-1}},"3":{"start":{"line":32,"column":0},"end":{"line":null,"column":-1}},"4":{"start":{"line":33,"column":0},"end":{"line":null,"column":-1}},"5":{"start":{"line":34,"column":0},"end":{"line":null,"column":-1}},"6":{"start":{"line":35,"column":0},"end":{"line":null,"column":-1}},"7":{"start":{"line":36,"column":0},"end":{"line":null,"column":-1}},"8":{"start":{"line":40,"column":0},"end":{"line":null,"column":-1}},"9":{"start":{"line":43,"column":0},"end":{"line":null,"column":-1}},"10":{"start":{"line":67,"column":0},"end":{"line":null,"column":-1}},"11":{"start":{"line":68,"column":0},"end":{"line":null,"column":-1}}},"fnMap":{},"branchMap":{},"s":{"0":0,"1":0,"2":0,"3":0,"4":0,"5":0,"6":0,"7":0,"8":0,"9":0,"10":0,"11":0},"f":{},"b":{}}
,"C:\\Users\\yt037\\Desktop\\kaikeba\\projects\\vue-study\\src\\krouter.js": {"path":"C:\\Users\\yt037\\Desktop\\kaikeba\\projects\\vue-study\\src\\krouter.js","statementMap":{"0":{"start":{"line":1,"column":0},"end":{"line":null,"column":-1}},"1":{"start":{"line":2,"column":0},"end":{"line":null,"column":-1}},"2":{"start":{"line":3,"column":0},"end":{"line":null,"column":-1}},"3":{"start":{"line":4,"column":0},"end":{"line":null,"column":-1}},"4":{"start":{"line":7,"column":0},"end":{"line":null,"column":-1}}},"fnMap":{},"branchMap":{},"s":{"0":0,"1":0,"2":0,"3":0,"4":0},"f":{},"b":{}}
,"C:\\Users\\yt037\\Desktop\\kaikeba\\projects\\vue-study\\src\\kvue-router.js": {"path":"C:\\Users\\yt037\\Desktop\\kaikeba\\projects\\vue-study\\src\\kvue-router.js","statementMap":{"0":{"start":{"line":5,"column":8},"end":{"line":4,"column":25}},"1":{"start":{"line":8,"column":8},"end":{"line":4,"column":25}},"2":{"start":{"line":12,"column":8},"end":{"line":null,"column":-1}},"3":{"start":{"line":21,"column":8},"end":{"line":19,"column":11}},"4":{"start":{"line":24,"column":8},"end":{"line":19,"column":11}},"5":{"start":{"line":27,"column":8},"end":{"line":null,"column":-1}},"6":{"start":{"line":31,"column":8},"end":{"line":null,"column":-1}},"7":{"start":{"line":32,"column":8},"end":{"line":null,"column":-1}},"8":{"start":{"line":36,"column":8},"end":{"line":null,"column":-1}},"9":{"start":{"line":39,"column":8},"end":{"line":null,"column":-1}},"10":{"start":{"line":41,"column":12},"end":{"line":null,"column":-1}},"11":{"start":{"line":46,"column":8},"end":{"line":44,"column":19}},"12":{"start":{"line":52,"column":16},"end":{"line":50,"column":22}},"13":{"start":{"line":58,"column":8},"end":{"line":null,"column":-1}},"14":{"start":{"line":61,"column":29},"end":{"line":61,"column":16}},"15":{"start":{"line":62,"column":16},"end":{"line":null,"column":-1}},"16":{"start":{"line":70,"column":0},"end":{"line":null,"column":-1}},"17":{"start":{"line":71,"column":4},"end":{"line":70,"column":35}},"18":{"start":{"line":74,"column":4},"end":{"line":null,"column":-1}},"19":{"start":{"line":80,"column":12},"end":{"line":83,"column":13}},"20":{"start":{"line":82,"column":16},"end":{"line":null,"column":-1}}},"fnMap":{"0":{"name":"(anonymous_0)","decl":{"start":{"line":4,"column":4},"end":{"line":4,"column":14}},"loc":{"start":{"line":4,"column":25},"end":{"line":17,"column":5}}},"1":{"name":"(anonymous_1)","decl":{"start":{"line":19,"column":4},"end":{"line":19,"column":7}},"loc":{"start":{"line":19,"column":11},"end":{"line":28,"column":5}}},"2":{"name":"(anonymous_2)","decl":{"start":{"line":30,"column":4},"end":{"line":30,"column":13}},"loc":{"start":{"line":30,"column":17},"end":{"line":33,"column":5}}},"3":{"name":"(anonymous_3)","decl":{"start":{"line":34,"column":4},"end":{"line":34,"column":15}},"loc":{"start":{"line":34,"column":19},"end":{"line":37,"column":5}}},"4":{"name":"(anonymous_4)","decl":{"start":{"line":38,"column":4},"end":{"line":38,"column":17}},"loc":{"start":{"line":38,"column":28},"end":{"line":43,"column":5}}},"5":{"name":"(anonymous_5)","decl":{"start":{"line":39,"column":31},"end":{"line":39,"column":34}},"loc":{"start":{"line":39,"column":39},"end":{"line":39,"column":8}}},"6":{"name":"(anonymous_6)","decl":{"start":{"line":44,"column":4},"end":{"line":44,"column":16}},"loc":{"start":{"line":44,"column":19},"end":{"line":66,"column":5}}},"7":{"name":"(anonymous_7)","decl":{"start":{"line":60,"column":21},"end":{"line":60,"column":20}},"loc":{"start":{"line":60,"column":27},"end":{"line":63,"column":13}}},"8":{"name":"(anonymous_8)","decl":{"start":{"line":70,"column":20},"end":{"line":70,"column":28}},"loc":{"start":{"line":70,"column":35},"end":{"line":70,"column":0}}}},"branchMap":{"0":{"loc":{"start":{"line":36,"column":27},"end":{"line":36,"column":59}},"type":"binary-expr","locations":[{"start":{"line":36,"column":27},"end":{"line":36,"column":59}},{"start":{"line":36,"column":60},"end":{"line":36,"column":8}}]},"1":{"loc":{"start":{"line":80,"column":12},"end":{"line":83,"column":13}},"type":"if","locations":[{"start":{"line":80,"column":12},"end":{"line":83,"column":13}},{"start":{"line":80,"column":12},"end":{"line":83,"column":13}}]}},"s":{"0":0,"1":0,"2":0,"3":0,"4":0,"5":0,"6":0,"7":0,"8":0,"9":0,"10":0,"11":0,"12":0,"13":0,"14":0,"15":0,"16":0,"17":0,"18":0,"19":0,"20":0},"f":{"0":0,"1":0,"2":0,"3":0,"4":0,"5":0,"6":0,"7":0,"8":0},"b":{"0":[0,0],"1":[0,0]}}
,"C:\\Users\\yt037\\Desktop\\kaikeba\\projects\\vue-study\\src\\kvuex.js": {"path":"C:\\Users\\yt037\\Desktop\\kaikeba\\projects\\vue-study\\src\\kvuex.js","statementMap":{"0":{"start":{"line":12,"column":2},"end":{"line":11,"column":23}},"1":{"start":{"line":15,"column":2},"end":{"line":null,"column":-1}},"2":{"start":{"line":17,"column":6},"end":{"line":19,"column":7}},"3":{"start":{"line":18,"column":8},"end":{"line":null,"column":-1}},"4":{"start":{"line":26,"column":28},"end":{"line":null,"column":-1}},"5":{"start":{"line":42,"column":15},"end":{"line":42,"column":4}},"6":{"start":{"line":43,"column":4},"end":{"line":null,"column":-1}},"7":{"start":{"line":47,"column":15},"end":{"line":47,"column":4}},"8":{"start":{"line":48,"column":4},"end":{"line":null,"column":-1}},"9":{"start":{"line":28,"column":4},"end":{"line":26,"column":28}},"10":{"start":{"line":33,"column":4},"end":{"line":null,"column":-1}},"11":{"start":{"line":34,"column":4},"end":{"line":null,"column":-1}},"12":{"start":{"line":36,"column":4},"end":{"line":null,"column":-1}},"13":{"start":{"line":53,"column":4},"end":{"line":52,"column":25}},"14":{"start":{"line":56,"column":4},"end":{"line":null,"column":-1}},"15":{"start":{"line":57,"column":8},"end":{"line":null,"column":-1}},"16":{"start":{"line":59,"column":16},"end":{"line":null,"column":-1}}},"fnMap":{"0":{"name":"install","decl":{"start":{"line":11,"column":9},"end":{"line":11,"column":0}},"loc":{"start":{"line":11,"column":23},"end":{"line":22,"column":1}}},"1":{"name":"(anonymous_1)","decl":{"start":{"line":26,"column":2},"end":{"line":26,"column":12}},"loc":{"start":{"line":26,"column":28},"end":{"line":24,"column":12}}},"2":{"name":"(anonymous_2)","decl":{"start":{"line":40,"column":11},"end":{"line":40,"column":12}},"loc":{"start":{"line":40,"column":26},"end":{"line":26,"column":28}}},"3":{"name":"(anonymous_3)","decl":{"start":{"line":46,"column":13},"end":{"line":46,"column":14}},"loc":{"start":{"line":46,"column":28},"end":{"line":26,"column":28}}},"4":{"name":"(anonymous_4)","decl":{"start":{"line":52,"column":2},"end":{"line":52,"column":14}},"loc":{"start":{"line":52,"column":25},"end":{"line":63,"column":3}}},"5":{"name":"(anonymous_5)","decl":{"start":{"line":56,"column":33},"end":{"line":56,"column":35}},"loc":{"start":{"line":56,"column":40},"end":{"line":56,"column":4}}},"6":{"name":"(anonymous_6)","decl":{"start":{"line":58,"column":17},"end":{"line":58,"column":22}},"loc":{"start":{"line":58,"column":23},"end":{"line":60,"column":13}}}},"branchMap":{"0":{"loc":{"start":{"line":17,"column":6},"end":{"line":19,"column":7}},"type":"if","locations":[{"start":{"line":17,"column":6},"end":{"line":19,"column":7}},{"start":{"line":17,"column":6},"end":{"line":19,"column":7}}]},"1":{"loc":{"start":{"line":26,"column":24},"end":{"line":26,"column":13}},"type":"default-arg","locations":[{"start":{"line":26,"column":24},"end":{"line":26,"column":13}}]},"2":{"loc":{"start":{"line":33,"column":21},"end":{"line":33,"column":20}},"type":"binary-expr","locations":[{"start":{"line":33,"column":21},"end":{"line":33,"column":20}},{"start":{"line":33,"column":42},"end":{"line":33,"column":4}}]},"3":{"loc":{"start":{"line":34,"column":19},"end":{"line":34,"column":18}},"type":"binary-expr","locations":[{"start":{"line":34,"column":19},"end":{"line":34,"column":18}},{"start":{"line":34,"column":38},"end":{"line":34,"column":4}}]},"4":{"loc":{"start":{"line":36,"column":4},"end":{"line":36,"column":3}},"type":"binary-expr","locations":[{"start":{"line":36,"column":4},"end":{"line":36,"column":3}},{"start":{"line":36,"column":23},"end":{"line":36,"column":4}}]}},"s":{"0":0,"1":0,"2":0,"3":0,"4":0,"5":0,"6":0,"7":0,"8":0,"9":0,"10":0,"11":0,"12":0,"13":0,"14":0,"15":0,"16":0},"f":{"0":0,"1":0,"2":0,"3":0,"4":0,"5":0,"6":0},"b":{"0":[0,0],"1":[0],"2":[0,0],"3":[0,0],"4":[0,0]}}
,"C:\\Users\\yt037\\Desktop\\kaikeba\\projects\\vue-study\\src\\main.js": {"path":"C:\\Users\\yt037\\Desktop\\kaikeba\\projects\\vue-study\\src\\main.js","statementMap":{"0":{"start":{"line":1,"column":0},"end":{"line":null,"column":-1}},"1":{"start":{"line":2,"column":0},"end":{"line":null,"column":-1}},"2":{"start":{"line":3,"column":0},"end":{"line":null,"column":-1}},"3":{"start":{"line":4,"column":0},"end":{"line":null,"column":-1}},"4":{"start":{"line":7,"column":0},"end":{"line":null,"column":-1}},"5":{"start":{"line":9,"column":0},"end":{"line":null,"column":-1}},"6":{"start":{"line":13,"column":0},"end":{"line":null,"column":-1}},"7":{"start":{"line":15,"column":0},"end":{"line":null,"column":-1}},"8":{"start":{"line":16,"column":0},"end":{"line":null,"column":-1}},"9":{"start":{"line":18,"column":0},"end":{"line":null,"column":-1}},"10":{"start":{"line":19,"column":0},"end":{"line":null,"column":-1}},"11":{"start":{"line":24,"column":0},"end":{"line":null,"column":-1}},"12":{"start":{"line":27,"column":4},"end":{"line":null,"column":-1}},"13":{"start":{"line":36,"column":0},"end":{"line":null,"column":-1}},"14":{"start":{"line":39,"column":15},"end":{"line":39,"column":16}}},"fnMap":{"0":{"name":"(anonymous_0)","decl":{"start":{"line":39,"column":10},"end":{"line":39,"column":11}},"loc":{"start":{"line":39,"column":15},"end":{"line":39,"column":16}}}},"branchMap":{},"s":{"0":0,"1":0,"2":0,"3":0,"4":0,"5":0,"6":0,"7":0,"8":0,"9":0,"10":0,"11":0,"12":0,"13":0,"14":0},"f":{"0":0},"b":{}}
,"C:\\Users\\yt037\\Desktop\\kaikeba\\projects\\vue-study\\src\\permission.js": {"path":"C:\\Users\\yt037\\Desktop\\kaikeba\\projects\\vue-study\\src\\permission.js","statementMap":{"0":{"start":{"line":3,"column":0},"end":{"line":null,"column":-1}},"1":{"start":{"line":4,"column":0},"end":{"line":null,"column":-1}},"2":{"start":{"line":5,"column":0},"end":{"line":null,"column":-1}},"3":{"start":{"line":6,"column":0},"end":{"line":null,"column":-1}},"4":{"start":{"line":8,"column":18},"end":{"line":8,"column":0}},"5":{"start":{"line":10,"column":0},"end":{"line":null,"column":-1}},"6":{"start":{"line":13,"column":19},"end":{"line":13,"column":2}},"7":{"start":{"line":16,"column":2},"end":{"line":55,"column":3}},"8":{"start":{"line":17,"column":4},"end":{"line":45,"column":5}},"9":{"start":{"line":19,"column":6},"end":{"line":null,"column":-1}},"10":{"start":{"line":22,"column":23},"end":{"line":22,"column":6}},"11":{"start":{"line":23,"column":6},"end":{"line":44,"column":7}},"12":{"start":{"line":24,"column":8},"end":{"line":23,"column":20}},"13":{"start":{"line":26,"column":8},"end":{"line":43,"column":9}},"14":{"start":{"line":28,"column":28},"end":{"line":28,"column":10}},"15":{"start":{"line":31,"column":31},"end":{"line":31,"column":10}},"16":{"start":{"line":34,"column":10},"end":{"line":26,"column":12}},"17":{"start":{"line":37,"column":10},"end":{"line":null,"column":-1}},"18":{"start":{"line":40,"column":10},"end":{"line":null,"column":-1}},"19":{"start":{"line":41,"column":10},"end":{"line":null,"column":-1}},"20":{"start":{"line":42,"column":10},"end":{"line":null,"column":-1}},"21":{"start":{"line":48,"column":4},"end":{"line":54,"column":5}},"22":{"start":{"line":50,"column":6},"end":{"line":50,"column":10}},"23":{"start":{"line":53,"column":6},"end":{"line":null,"column":-1}}},"fnMap":{"0":{"name":"(anonymous_0)","decl":{"start":{"line":10,"column":18},"end":{"line":10,"column":24}},"loc":{"start":{"line":10,"column":44},"end":{"line":10,"column":0}}}},"branchMap":{"0":{"loc":{"start":{"line":16,"column":2},"end":{"line":55,"column":3}},"type":"if","locations":[{"start":{"line":16,"column":2},"end":{"line":55,"column":3}},{"start":{"line":16,"column":2},"end":{"line":55,"column":3}}]},"1":{"loc":{"start":{"line":17,"column":4},"end":{"line":45,"column":5}},"type":"if","locations":[{"start":{"line":17,"column":4},"end":{"line":45,"column":5}},{"start":{"line":17,"column":4},"end":{"line":45,"column":5}}]},"2":{"loc":{"start":{"line":22,"column":23},"end":{"line":22,"column":22}},"type":"binary-expr","locations":[{"start":{"line":22,"column":23},"end":{"line":22,"column":22}},{"start":{"line":22,"column":46},"end":{"line":22,"column":6}}]},"3":{"loc":{"start":{"line":23,"column":6},"end":{"line":44,"column":7}},"type":"if","locations":[{"start":{"line":23,"column":6},"end":{"line":44,"column":7}},{"start":{"line":23,"column":6},"end":{"line":44,"column":7}}]},"4":{"loc":{"start":{"line":41,"column":24},"end":{"line":41,"column":29}},"type":"binary-expr","locations":[{"start":{"line":41,"column":24},"end":{"line":41,"column":29}},{"start":{"line":41,"column":33},"end":{"line":41,"column":10}}]},"5":{"loc":{"start":{"line":48,"column":4},"end":{"line":54,"column":5}},"type":"if","locations":[{"start":{"line":48,"column":4},"end":{"line":54,"column":5}},{"start":{"line":48,"column":4},"end":{"line":54,"column":5}}]}},"s":{"0":0,"1":0,"2":0,"3":0,"4":0,"5":0,"6":0,"7":0,"8":0,"9":0,"10":0,"11":0,"12":0,"13":0,"14":0,"15":0,"16":0,"17":0,"18":0,"19":0,"20":0,"21":0,"22":0,"23":0},"f":{"0":0},"b":{"0":[0,0],"1":[0,0],"2":[0,0],"3":[0,0],"4":[0,0],"5":[0,0]}}
,"C:\\Users\\yt037\\Desktop\\kaikeba\\projects\\vue-study\\src\\api\\user.js": {"path":"C:\\Users\\yt037\\Desktop\\kaikeba\\projects\\vue-study\\src\\api\\user.js","statementMap":{"0":{"start":{"line":1,"column":0},"end":{"line":null,"column":-1}},"1":{"start":{"line":4,"column":2},"end":{"line":null,"column":-1}},"2":{"start":{"line":12,"column":2},"end":{"line":null,"column":-1}}},"fnMap":{"0":{"name":"login","decl":{"start":{"line":3,"column":16},"end":{"line":3,"column":7}},"loc":{"start":{"line":3,"column":28},"end":{"line":9,"column":1}}},"1":{"name":"getInfo","decl":{"start":{"line":11,"column":16},"end":{"line":11,"column":7}},"loc":{"start":{"line":11,"column":26},"end":{"line":16,"column":1}}}},"branchMap":{},"s":{"0":0,"1":0,"2":0},"f":{"0":0,"1":0},"b":{}}
,"C:\\Users\\yt037\\Desktop\\kaikeba\\projects\\vue-study\\src\\components\\HelloWorld.vue": {"path":"C:\\Users\\yt037\\Desktop\\kaikeba\\projects\\vue-study\\src\\components\\HelloWorld.vue","statementMap":{"0":{"start":{"line":23,"column":0},"end":{"line":null,"column":-1}},"1":{"start":{"line":28,"column":0},"end":{"line":30,"column":0}},"2":{"start":{"line":29,"column":0},"end":{"line":null,"column":-1}}},"fnMap":{"0":{"name":"(anonymous_1)","decl":{"start":{"line":28,"column":0},"end":{"line":null,"column":-1}},"loc":{"start":{"line":28,"column":0},"end":{"line":30,"column":0}}}},"branchMap":{},"s":{"0":1,"1":1,"2":0},"f":{"0":0},"b":{}}
,"C:\\Users\\yt037\\Desktop\\kaikeba\\projects\\vue-study\\src\\components\\Icon.vue": {"path":"C:\\Users\\yt037\\Desktop\\kaikeba\\projects\\vue-study\\src\\components\\Icon.vue","statementMap":{"0":{"start":{"line":22,"column":0},"end":{"line":null,"column":-1}},"1":{"start":{"line":25,"column":0},"end":{"line":29,"column":0}},"2":{"start":{"line":26,"column":0},"end":{"line":null,"column":-1}},"3":{"start":{"line":28,"column":0},"end":{"line":null,"column":-1}}},"fnMap":{},"branchMap":{"0":{"loc":{"start":{"line":25,"column":0},"end":{"line":29,"column":0}},"type":"if","locations":[{"start":{"line":25,"column":0},"end":{"line":29,"column":0}},{"start":{"line":25,"column":0},"end":{"line":29,"column":0}}]}},"s":{"0":0,"1":0,"2":0,"3":0},"f":{},"b":{"0":[0,0]}}
,"C:\\Users\\yt037\\Desktop\\kaikeba\\projects\\vue-study\\src\\components\\KVuexTest.vue": {"path":"C:\\Users\\yt037\\Desktop\\kaikeba\\projects\\vue-study\\src\\components\\KVuexTest.vue","statementMap":{"0":{"start":{"line":15,"column":0},"end":{"line":null,"column":-1}},"1":{"start":{"line":18,"column":0},"end":{"line":null,"column":-1}},"2":{"start":{"line":19,"column":0},"end":{"line":21,"column":0}},"3":{"start":{"line":20,"column":0},"end":{"line":null,"column":-1}}},"fnMap":{},"branchMap":{"0":{"loc":{"start":{"line":19,"column":0},"end":{"line":21,"column":0}},"type":"if","locations":[{"start":{"line":19,"column":0},"end":{"line":21,"column":0}},{"start":{"line":19,"column":0},"end":{"line":21,"column":0}}]}},"s":{"0":0,"1":0,"2":0,"3":0},"f":{},"b":{"0":[0,0]}}
,"C:\\Users\\yt037\\Desktop\\kaikeba\\projects\\vue-study\\src\\components\\VuexTest.vue": {"path":"C:\\Users\\yt037\\Desktop\\kaikeba\\projects\\vue-study\\src\\components\\VuexTest.vue","statementMap":{"0":{"start":{"line":15,"column":0},"end":{"line":null,"column":-1}},"1":{"start":{"line":18,"column":0},"end":{"line":null,"column":-1}},"2":{"start":{"line":19,"column":0},"end":{"line":21,"column":0}},"3":{"start":{"line":20,"column":0},"end":{"line":null,"column":-1}}},"fnMap":{},"branchMap":{"0":{"loc":{"start":{"line":19,"column":0},"end":{"line":21,"column":0}},"type":"if","locations":[{"start":{"line":19,"column":0},"end":{"line":21,"column":0}},{"start":{"line":19,"column":0},"end":{"line":21,"column":0}}]}},"s":{"0":0,"1":0,"2":0,"3":0},"f":{},"b":{"0":[0,0]}}
,"C:\\Users\\yt037\\Desktop\\kaikeba\\projects\\vue-study\\src\\components\\kaikeba.vue": {"path":"C:\\Users\\yt037\\Desktop\\kaikeba\\projects\\vue-study\\src\\components\\kaikeba.vue","statementMap":{"0":{"start":{"line":1,"column":1},"end":{"line":34,"column":4}},"1":{"start":{"line":4,"column":0},"end":{"line":6,"column":3}},"2":{"start":{"line":7,"column":0},"end":{"line":7,"column":25}},"3":{"start":{"line":15,"column":15},"end":{"line":32,"column":1}},"4":{"start":{"line":17,"column":4},"end":{"line":19,"column":6}},"5":{"start":{"line":23,"column":4},"end":{"line":23,"column":25}},"6":{"start":{"line":28,"column":6},"end":{"line":28,"column":28}},"7":{"start":{"line":33,"column":0},"end":{"line":33,"column":27}},"8":{"start":{"line":35,"column":20},"end":{"line":35,"column":89}},"9":{"start":{"line":35,"column":114},"end":{"line":35,"column":187}},"10":{"start":{"line":36,"column":0},"end":{"line":36,"column":238}},"11":{"start":{"line":36,"column":54},"end":{"line":36,"column":58}},"12":{"start":{"line":36,"column":66},"end":{"line":36,"column":84}},"13":{"start":{"line":36,"column":92},"end":{"line":36,"column":108}},"14":{"start":{"line":36,"column":109},"end":{"line":36,"column":237}},"15":{"start":{"line":37,"column":0},"end":{"line":37,"column":37}}},"fnMap":{"0":{"name":"(anonymous_0)","decl":{"start":{"line":1,"column":2},"end":{"line":1,"column":3}},"loc":{"start":{"line":1,"column":12},"end":{"line":34,"column":1}},"line":1},"1":{"name":"render","decl":{"start":{"line":36,"column":35},"end":{"line":36,"column":41}},"loc":{"start":{"line":36,"column":45},"end":{"line":36,"column":238}},"line":36}},"branchMap":{"0":{"loc":{"start":{"line":35,"column":20},"end":{"line":35,"column":89}},"type":"cond-expr","locations":[{"start":{"line":35,"column":50},"end":{"line":35,"column":72}},{"start":{"line":35,"column":75},"end":{"line":35,"column":89}}],"line":35},"1":{"loc":{"start":{"line":35,"column":114},"end":{"line":35,"column":187}},"type":"cond-expr","locations":[{"start":{"line":35,"column":151},"end":{"line":35,"column":172}},{"start":{"line":35,"column":174},"end":{"line":35,"column":187}}],"line":35},"2":{"loc":{"start":{"line":36,"column":92},"end":{"line":36,"column":108}},"type":"binary-expr","locations":[{"start":{"line":36,"column":92},"end":{"line":36,"column":104}},{"start":{"line":36,"column":106},"end":{"line":36,"column":108}}],"line":36}},"s":{"0":1,"1":1,"2":1,"3":1,"4":3,"5":2,"6":1,"7":1,"8":1,"9":1,"10":1,"11":3,"12":3,"13":3,"14":3,"15":1},"f":{"0":1,"1":3},"b":{"0":[1,0],"1":[0,1],"2":[3,0]},"_coverageSchema":"332fd63041d2c1bcb487cc26dd0d5f7d97098a6c","hash":"caf8dd2383c859c6e76d56ad929b6d50896355d6"}
,"C:\\Users\\yt037\\Desktop\\kaikeba\\projects\\vue-study\\src\\components\\Notice\\index.vue": {"path":"C:\\Users\\yt037\\Desktop\\kaikeba\\projects\\vue-study\\src\\components\\Notice\\index.vue","statementMap":{"0":{"start":{"line":25,"column":0},"end":{"line":null,"column":-1}},"1":{"start":{"line":31,"column":0},"end":{"line":null,"column":-1}},"2":{"start":{"line":32,"column":0},"end":{"line":34,"column":0}},"3":{"start":{"line":33,"column":0},"end":{"line":null,"column":-1}},"4":{"start":{"line":37,"column":0},"end":{"line":null,"column":-1}},"5":{"start":{"line":38,"column":0},"end":{"line":null,"column":-1}}},"fnMap":{"0":{"name":"(anonymous_1)","decl":{"start":{"line":32,"column":0},"end":{"line":null,"column":-1}},"loc":{"start":{"line":32,"column":0},"end":{"line":34,"column":0}}}},"branchMap":{},"s":{"0":0,"1":0,"2":0,"3":0,"4":0,"5":0},"f":{"0":0},"b":{}}
,"C:\\Users\\yt037\\Desktop\\kaikeba\\projects\\vue-study\\src\\components\\SideMenu\\Item.vue": {"path":"C:\\Users\\yt037\\Desktop\\kaikeba\\projects\\vue-study\\src\\components\\SideMenu\\Item.vue","statementMap":{"0":{"start":{"line":34,"column":0},"end":{"line":null,"column":-1}},"1":{"start":{"line":46,"column":0},"end":{"line":null,"column":-1}},"2":{"start":{"line":53,"column":0},"end":{"line":null,"column":-1}},"3":{"start":{"line":58,"column":0},"end":{"line":60,"column":0}},"4":{"start":{"line":59,"column":0},"end":{"line":null,"column":-1}},"5":{"start":{"line":64,"column":0},"end":{"line":null,"column":-1}}},"fnMap":{"0":{"name":"(anonymous_1)","decl":{"start":{"line":45,"column":0},"end":{"line":null,"column":-1}},"loc":{"start":{"line":45,"column":0},"end":{"line":49,"column":0}}},"1":{"name":"(anonymous_2)","decl":{"start":{"line":51,"column":0},"end":{"line":null,"column":-1}},"loc":{"start":{"line":51,"column":0},"end":{"line":54,"column":0}}},"2":{"name":"(anonymous_3)","decl":{"start":{"line":57,"column":0},"end":{"line":null,"column":-1}},"loc":{"start":{"line":57,"column":0},"end":{"line":61,"column":0}}}},"branchMap":{"0":{"loc":{"start":{"line":53,"column":0},"end":{"line":null,"column":-1}},"type":"binary-expr","locations":[{"start":{"line":53,"column":0},"end":{"line":null,"column":-1}},{"start":{"line":53,"column":0},"end":{"line":null,"column":-1}}]},"1":{"loc":{"start":{"line":58,"column":0},"end":{"line":60,"column":0}},"type":"if","locations":[{"start":{"line":58,"column":0},"end":{"line":60,"column":0}},{"start":{"line":58,"column":0},"end":{"line":60,"column":0}}]}},"s":{"0":0,"1":0,"2":0,"3":0,"4":0,"5":0},"f":{"0":0,"1":0,"2":0},"b":{"0":[0,0],"1":[0,0]}}
,"C:\\Users\\yt037\\Desktop\\kaikeba\\projects\\vue-study\\src\\components\\SideMenu\\index.vue": {"path":"C:\\Users\\yt037\\Desktop\\kaikeba\\projects\\vue-study\\src\\components\\SideMenu\\index.vue","statementMap":{"0":{"start":{"line":13,"column":0},"end":{"line":null,"column":-1}},"1":{"start":{"line":14,"column":0},"end":{"line":null,"column":-1}}},"fnMap":{},"branchMap":{},"s":{"0":0,"1":0},"f":{},"b":{}}
,"C:\\Users\\yt037\\Desktop\\kaikeba\\projects\\vue-study\\src\\components\\Sidebar\\Item.vue": {"path":"C:\\Users\\yt037\\Desktop\\kaikeba\\projects\\vue-study\\src\\components\\Sidebar\\Item.vue","statementMap":{"0":{"start":{"line":16,"column":0},"end":{"line":null,"column":-1}},"1":{"start":{"line":17,"column":0},"end":{"line":null,"column":-1}},"2":{"start":{"line":19,"column":0},"end":{"line":22,"column":0}},"3":{"start":{"line":21,"column":0},"end":{"line":null,"column":-1}},"4":{"start":{"line":24,"column":0},"end":{"line":26,"column":0}},"5":{"start":{"line":25,"column":0},"end":{"line":null,"column":-1}},"6":{"start":{"line":27,"column":0},"end":{"line":null,"column":-1}}},"fnMap":{},"branchMap":{"0":{"loc":{"start":{"line":19,"column":0},"end":{"line":22,"column":0}},"type":"if","locations":[{"start":{"line":19,"column":0},"end":{"line":22,"column":0}},{"start":{"line":19,"column":0},"end":{"line":22,"column":0}}]},"1":{"loc":{"start":{"line":24,"column":0},"end":{"line":26,"column":0}},"type":"if","locations":[{"start":{"line":24,"column":0},"end":{"line":26,"column":0}},{"start":{"line":24,"column":0},"end":{"line":26,"column":0}}]}},"s":{"0":0,"1":0,"2":0,"3":0,"4":0,"5":0,"6":0},"f":{},"b":{"0":[0,0],"1":[0,0]}}
,"C:\\Users\\yt037\\Desktop\\kaikeba\\projects\\vue-study\\src\\components\\Sidebar\\SidebarItem.vue": {"path":"C:\\Users\\yt037\\Desktop\\kaikeba\\projects\\vue-study\\src\\components\\Sidebar\\SidebarItem.vue","statementMap":{"0":{"start":{"line":28,"column":0},"end":{"line":null,"column":-1}},"1":{"start":{"line":29,"column":0},"end":{"line":null,"column":-1}},"2":{"start":{"line":50,"column":0},"end":{"line":null,"column":-1}},"3":{"start":{"line":51,"column":0},"end":{"line":null,"column":-1}},"4":{"start":{"line":55,"column":0},"end":{"line":63,"column":0}},"5":{"start":{"line":56,"column":0},"end":{"line":62,"column":0}},"6":{"start":{"line":57,"column":0},"end":{"line":null,"column":-1}},"7":{"start":{"line":60,"column":0},"end":{"line":null,"column":-1}},"8":{"start":{"line":61,"column":0},"end":{"line":null,"column":-1}},"9":{"start":{"line":66,"column":0},"end":{"line":68,"column":0}},"10":{"start":{"line":67,"column":0},"end":{"line":null,"column":-1}},"11":{"start":{"line":71,"column":0},"end":{"line":74,"column":0}},"12":{"start":{"line":72,"column":0},"end":{"line":null,"column":-1}},"13":{"start":{"line":73,"column":0},"end":{"line":null,"column":-1}},"14":{"start":{"line":76,"column":0},"end":{"line":null,"column":-1}},"15":{"start":{"line":79,"column":0},"end":{"line":null,"column":-1}}},"fnMap":{"0":{"name":"(anonymous_1)","decl":{"start":{"line":55,"column":0},"end":{"line":null,"column":-1}},"loc":{"start":{"line":55,"column":0},"end":{"line":63,"column":0}}}},"branchMap":{"0":{"loc":{"start":{"line":54,"column":0},"end":{"line":null,"column":-1}},"type":"default-arg","locations":[{"start":{"line":54,"column":0},"end":{"line":null,"column":-1}}]},"1":{"loc":{"start":{"line":56,"column":0},"end":{"line":62,"column":0}},"type":"if","locations":[{"start":{"line":56,"column":0},"end":{"line":62,"column":0}},{"start":{"line":56,"column":0},"end":{"line":62,"column":0}}]},"2":{"loc":{"start":{"line":66,"column":0},"end":{"line":68,"column":0}},"type":"if","locations":[{"start":{"line":66,"column":0},"end":{"line":68,"column":0}},{"start":{"line":66,"column":0},"end":{"line":68,"column":0}}]},"3":{"loc":{"start":{"line":71,"column":0},"end":{"line":74,"column":0}},"type":"if","locations":[{"start":{"line":71,"column":0},"end":{"line":74,"column":0}},{"start":{"line":71,"column":0},"end":{"line":74,"column":0}}]}},"s":{"0":0,"1":0,"2":0,"3":0,"4":0,"5":0,"6":0,"7":0,"8":0,"9":0,"10":0,"11":0,"12":0,"13":0,"14":0,"15":0},"f":{"0":0},"b":{"0":[0],"1":[0,0],"2":[0,0],"3":[0,0]}}
,"C:\\Users\\yt037\\Desktop\\kaikeba\\projects\\vue-study\\src\\components\\Sidebar\\index.vue": {"path":"C:\\Users\\yt037\\Desktop\\kaikeba\\projects\\vue-study\\src\\components\\Sidebar\\index.vue","statementMap":{"0":{"start":{"line":25,"column":0},"end":{"line":null,"column":-1}},"1":{"start":{"line":26,"column":0},"end":{"line":null,"column":-1}},"2":{"start":{"line":33,"column":0},"end":{"line":null,"column":-1}},"3":{"start":{"line":34,"column":0},"end":{"line":null,"column":-1}},"4":{"start":{"line":36,"column":0},"end":{"line":38,"column":0}},"5":{"start":{"line":37,"column":0},"end":{"line":null,"column":-1}},"6":{"start":{"line":39,"column":0},"end":{"line":null,"column":-1}},"7":{"start":{"line":42,"column":0},"end":{"line":null,"column":-1}}},"fnMap":{},"branchMap":{"0":{"loc":{"start":{"line":36,"column":0},"end":{"line":38,"column":0}},"type":"if","locations":[{"start":{"line":36,"column":0},"end":{"line":38,"column":0}},{"start":{"line":36,"column":0},"end":{"line":38,"column":0}}]}},"s":{"0":0,"1":0,"2":0,"3":0,"4":0,"5":0,"6":0,"7":0},"f":{},"b":{"0":[0,0]}}
,"C:\\Users\\yt037\\Desktop\\kaikeba\\projects\\vue-study\\src\\components\\communicate\\Child1.vue": {"path":"C:\\Users\\yt037\\Desktop\\kaikeba\\projects\\vue-study\\src\\components\\communicate\\Child1.vue","statementMap":{"0":{"start":{"line":13,"column":0},"end":{"line":null,"column":-1}},"1":{"start":{"line":14,"column":0},"end":{"line":null,"column":-1}},"2":{"start":{"line":21,"column":0},"end":{"line":null,"column":-1}},"3":{"start":{"line":31,"column":0},"end":{"line":null,"column":-1}},"4":{"start":{"line":35,"column":0},"end":{"line":37,"column":0}},"5":{"start":{"line":36,"column":0},"end":{"line":null,"column":-1}},"6":{"start":{"line":38,"column":0},"end":{"line":40,"column":0}},"7":{"start":{"line":39,"column":0},"end":{"line":null,"column":-1}}},"fnMap":{"0":{"name":"(anonymous_1)","decl":{"start":{"line":35,"column":0},"end":{"line":null,"column":-1}},"loc":{"start":{"line":35,"column":0},"end":{"line":37,"column":0}}},"1":{"name":"(anonymous_2)","decl":{"start":{"line":38,"column":0},"end":{"line":null,"column":-1}},"loc":{"start":{"line":38,"column":0},"end":{"line":40,"column":0}}}},"branchMap":{},"s":{"0":0,"1":0,"2":0,"3":0,"4":0,"5":0,"6":0,"7":0},"f":{"0":0,"1":0},"b":{}}
,"C:\\Users\\yt037\\Desktop\\kaikeba\\projects\\vue-study\\src\\components\\communicate\\Child2.vue": {"path":"C:\\Users\\yt037\\Desktop\\kaikeba\\projects\\vue-study\\src\\components\\communicate\\Child2.vue","statementMap":{"0":{"start":{"line":10,"column":0},"end":{"line":null,"column":-1}},"1":{"start":{"line":16,"column":0},"end":{"line":null,"column":-1}},"2":{"start":{"line":25,"column":0},"end":{"line":null,"column":-1}},"3":{"start":{"line":30,"column":0},"end":{"line":32,"column":0}},"4":{"start":{"line":31,"column":0},"end":{"line":null,"column":-1}}},"fnMap":{"0":{"name":"(anonymous_1)","decl":{"start":{"line":30,"column":0},"end":{"line":null,"column":-1}},"loc":{"start":{"line":30,"column":0},"end":{"line":32,"column":0}}}},"branchMap":{},"s":{"0":0,"1":0,"2":0,"3":0,"4":0},"f":{"0":0},"b":{}}
,"C:\\Users\\yt037\\Desktop\\kaikeba\\projects\\vue-study\\src\\components\\communicate\\GrandChild1.vue": {"path":"C:\\Users\\yt037\\Desktop\\kaikeba\\projects\\vue-study\\src\\components\\communicate\\GrandChild1.vue","statementMap":{"0":{"start":{"line":13,"column":0},"end":{"line":null,"column":-1}},"1":{"start":{"line":19,"column":0},"end":{"line":21,"column":0}},"2":{"start":{"line":20,"column":0},"end":{"line":null,"column":-1}},"3":{"start":{"line":22,"column":0},"end":{"line":24,"column":0}},"4":{"start":{"line":23,"column":0},"end":{"line":null,"column":-1}},"5":{"start":{"line":25,"column":0},"end":{"line":27,"column":0}},"6":{"start":{"line":26,"column":0},"end":{"line":null,"column":-1}}},"fnMap":{"0":{"name":"(anonymous_1)","decl":{"start":{"line":19,"column":0},"end":{"line":null,"column":-1}},"loc":{"start":{"line":19,"column":0},"end":{"line":21,"column":0}}},"1":{"name":"(anonymous_2)","decl":{"start":{"line":22,"column":0},"end":{"line":null,"column":-1}},"loc":{"start":{"line":22,"column":0},"end":{"line":24,"column":0}}},"2":{"name":"(anonymous_3)","decl":{"start":{"line":25,"column":0},"end":{"line":null,"column":-1}},"loc":{"start":{"line":25,"column":0},"end":{"line":27,"column":0}}}},"branchMap":{},"s":{"0":0,"1":0,"2":0,"3":0,"4":0,"5":0,"6":0},"f":{"0":0,"1":0,"2":0},"b":{}}
,"C:\\Users\\yt037\\Desktop\\kaikeba\\projects\\vue-study\\src\\components\\communicate\\GrandChild2.vue": {"path":"C:\\Users\\yt037\\Desktop\\kaikeba\\projects\\vue-study\\src\\components\\communicate\\GrandChild2.vue","statementMap":{"0":{"start":{"line":15,"column":0},"end":{"line":null,"column":-1}},"1":{"start":{"line":23,"column":0},"end":{"line":null,"column":-1}},"2":{"start":{"line":29,"column":0},"end":{"line":null,"column":-1}},"3":{"start":{"line":34,"column":0},"end":{"line":36,"column":0}},"4":{"start":{"line":35,"column":0},"end":{"line":null,"column":-1}},"5":{"start":{"line":37,"column":0},"end":{"line":39,"column":0}},"6":{"start":{"line":38,"column":0},"end":{"line":null,"column":-1}}},"fnMap":{"0":{"name":"(anonymous_1)","decl":{"start":{"line":34,"column":0},"end":{"line":null,"column":-1}},"loc":{"start":{"line":34,"column":0},"end":{"line":36,"column":0}}},"1":{"name":"(anonymous_2)","decl":{"start":{"line":37,"column":0},"end":{"line":null,"column":-1}},"loc":{"start":{"line":37,"column":0},"end":{"line":39,"column":0}}}},"branchMap":{},"s":{"0":0,"1":0,"2":0,"3":0,"4":0,"5":0,"6":0},"f":{"0":0,"1":0},"b":{}}
,"C:\\Users\\yt037\\Desktop\\kaikeba\\projects\\vue-study\\src\\components\\communicate\\GrandGrandChild1.vue": {"path":"C:\\Users\\yt037\\Desktop\\kaikeba\\projects\\vue-study\\src\\components\\communicate\\GrandGrandChild1.vue","statementMap":{"0":{"start":{"line":15,"column":0},"end":{"line":null,"column":-1}},"1":{"start":{"line":20,"column":0},"end":{"line":22,"column":0}},"2":{"start":{"line":21,"column":0},"end":{"line":null,"column":-1}},"3":{"start":{"line":23,"column":0},"end":{"line":25,"column":0}},"4":{"start":{"line":24,"column":0},"end":{"line":null,"column":-1}}},"fnMap":{"0":{"name":"(anonymous_1)","decl":{"start":{"line":20,"column":0},"end":{"line":null,"column":-1}},"loc":{"start":{"line":20,"column":0},"end":{"line":22,"column":0}}},"1":{"name":"(anonymous_2)","decl":{"start":{"line":23,"column":0},"end":{"line":null,"column":-1}},"loc":{"start":{"line":23,"column":0},"end":{"line":25,"column":0}}}},"branchMap":{},"s":{"0":0,"1":0,"2":0,"3":0,"4":0},"f":{"0":0,"1":0},"b":{}}
,"C:\\Users\\yt037\\Desktop\\kaikeba\\projects\\vue-study\\src\\components\\communicate\\index.vue": {"path":"C:\\Users\\yt037\\Desktop\\kaikeba\\projects\\vue-study\\src\\components\\communicate\\index.vue","statementMap":{"0":{"start":{"line":11,"column":0},"end":{"line":null,"column":-1}},"1":{"start":{"line":12,"column":0},"end":{"line":null,"column":-1}},"2":{"start":{"line":19,"column":0},"end":{"line":null,"column":-1}},"3":{"start":{"line":26,"column":0},"end":{"line":null,"column":-1}},"4":{"start":{"line":31,"column":0},"end":{"line":33,"column":0}},"5":{"start":{"line":32,"column":0},"end":{"line":null,"column":-1}},"6":{"start":{"line":34,"column":0},"end":{"line":36,"column":0}},"7":{"start":{"line":35,"column":0},"end":{"line":null,"column":-1}}},"fnMap":{"0":{"name":"(anonymous_1)","decl":{"start":{"line":31,"column":0},"end":{"line":null,"column":-1}},"loc":{"start":{"line":31,"column":0},"end":{"line":33,"column":0}}},"1":{"name":"(anonymous_2)","decl":{"start":{"line":34,"column":0},"end":{"line":null,"column":-1}},"loc":{"start":{"line":34,"column":0},"end":{"line":36,"column":0}}}},"branchMap":{},"s":{"0":0,"1":0,"2":0,"3":0,"4":0,"5":0,"6":0,"7":0},"f":{"0":0,"1":0},"b":{}}
,"C:\\Users\\yt037\\Desktop\\kaikeba\\projects\\vue-study\\src\\components\\form\\KCheckBox.vue": {"path":"C:\\Users\\yt037\\Desktop\\kaikeba\\projects\\vue-study\\src\\components\\form\\KCheckBox.vue","statementMap":{"0":{"start":{"line":21,"column":0},"end":{"line":null,"column":-1}}},"fnMap":{},"branchMap":{},"s":{"0":0},"f":{},"b":{}}
,"C:\\Users\\yt037\\Desktop\\kaikeba\\projects\\vue-study\\src\\components\\form\\KForm.vue": {"path":"C:\\Users\\yt037\\Desktop\\kaikeba\\projects\\vue-study\\src\\components\\form\\KForm.vue","statementMap":{"0":{"start":{"line":10,"column":0},"end":{"line":null,"column":-1}},"1":{"start":{"line":26,"column":0},"end":{"line":null,"column":-1}},"2":{"start":{"line":30,"column":0},"end":{"line":null,"column":-1}}},"fnMap":{"0":{"name":"(anonymous_1)","decl":{"start":{"line":26,"column":0},"end":{"line":null,"column":-1}},"loc":{"start":{"line":26,"column":0},"end":{"line":null,"column":-1}}},"1":{"name":"(anonymous_3)","decl":{"start":{"line":30,"column":0},"end":{"line":null,"column":-1}},"loc":{"start":{"line":30,"column":0},"end":{"line":null,"column":-1}}}},"branchMap":{},"s":{"0":0,"1":0,"2":0},"f":{"0":0,"1":0},"b":{}}
,"C:\\Users\\yt037\\Desktop\\kaikeba\\projects\\vue-study\\src\\components\\form\\KFormItem.vue": {"path":"C:\\Users\\yt037\\Desktop\\kaikeba\\projects\\vue-study\\src\\components\\form\\KFormItem.vue","statementMap":{"0":{"start":{"line":11,"column":0},"end":{"line":null,"column":-1}},"1":{"start":{"line":15,"column":0},"end":{"line":null,"column":-1}},"2":{"start":{"line":29,"column":0},"end":{"line":31,"column":0}},"3":{"start":{"line":30,"column":0},"end":{"line":null,"column":-1}},"4":{"start":{"line":37,"column":0},"end":{"line":null,"column":-1}},"5":{"start":{"line":40,"column":0},"end":{"line":null,"column":-1}},"6":{"start":{"line":43,"column":0},"end":{"line":null,"column":-1}},"7":{"start":{"line":46,"column":0},"end":{"line":null,"column":-1}},"8":{"start":{"line":49,"column":0},"end":{"line":57,"column":0}},"9":{"start":{"line":50,"column":0},"end":{"line":56,"column":0}},"10":{"start":{"line":52,"column":0},"end":{"line":null,"column":-1}},"11":{"start":{"line":55,"column":0},"end":{"line":null,"column":-1}}},"fnMap":{"0":{"name":"(anonymous_1)","decl":{"start":{"line":29,"column":0},"end":{"line":null,"column":-1}},"loc":{"start":{"line":29,"column":0},"end":{"line":31,"column":0}}},"1":{"name":"(anonymous_2)","decl":{"start":{"line":49,"column":0},"end":{"line":null,"column":-1}},"loc":{"start":{"line":49,"column":0},"end":{"line":57,"column":0}}}},"branchMap":{"0":{"loc":{"start":{"line":50,"column":0},"end":{"line":56,"column":0}},"type":"if","locations":[{"start":{"line":50,"column":0},"end":{"line":56,"column":0}},{"start":{"line":50,"column":0},"end":{"line":56,"column":0}}]}},"s":{"0":0,"1":0,"2":0,"3":0,"4":0,"5":0,"6":0,"7":0,"8":0,"9":0,"10":0,"11":0},"f":{"0":0,"1":0},"b":{"0":[0,0]}}
,"C:\\Users\\yt037\\Desktop\\kaikeba\\projects\\vue-study\\src\\components\\form\\KInput.vue": {"path":"C:\\Users\\yt037\\Desktop\\kaikeba\\projects\\vue-study\\src\\components\\form\\KInput.vue","statementMap":{"0":{"start":{"line":11,"column":0},"end":{"line":null,"column":-1}},"1":{"start":{"line":24,"column":0},"end":{"line":null,"column":-1}},"2":{"start":{"line":28,"column":0},"end":{"line":null,"column":-1}}},"fnMap":{},"branchMap":{},"s":{"0":0,"1":0,"2":0},"f":{},"b":{}}
,"C:\\Users\\yt037\\Desktop\\kaikeba\\projects\\vue-study\\src\\components\\form\\index.vue": {"path":"C:\\Users\\yt037\\Desktop\\kaikeba\\projects\\vue-study\\src\\components\\form\\index.vue","statementMap":{"0":{"start":{"line":23,"column":0},"end":{"line":null,"column":-1}},"1":{"start":{"line":24,"column":0},"end":{"line":null,"column":-1}},"2":{"start":{"line":25,"column":0},"end":{"line":null,"column":-1}},"3":{"start":{"line":26,"column":0},"end":{"line":null,"column":-1}},"4":{"start":{"line":27,"column":0},"end":{"line":null,"column":-1}},"5":{"start":{"line":28,"column":0},"end":{"line":null,"column":-1}},"6":{"start":{"line":38,"column":0},"end":{"line":null,"column":-1}},"7":{"start":{"line":55,"column":0},"end":{"line":63,"column":0}},"8":{"start":{"line":56,"column":0},"end":{"line":null,"column":-1}},"9":{"start":{"line":62,"column":0},"end":{"line":null,"column":-1}}},"fnMap":{"0":{"name":"(anonymous_1)","decl":{"start":{"line":55,"column":0},"end":{"line":null,"column":-1}},"loc":{"start":{"line":55,"column":0},"end":{"line":63,"column":0}}}},"branchMap":{"0":{"loc":{"start":{"line":58,"column":0},"end":{"line":null,"column":-1}},"type":"cond-expr","locations":[{"start":{"line":58,"column":0},"end":{"line":null,"column":-1}},{"start":{"line":58,"column":0},"end":{"line":null,"column":-1}}]}},"s":{"0":0,"1":0,"2":0,"3":0,"4":0,"5":0,"6":0,"7":0,"8":0,"9":0},"f":{"0":0},"b":{"0":[0,0]}}
,"C:\\Users\\yt037\\Desktop\\kaikeba\\projects\\vue-study\\src\\components\\recursion\\index.vue": {"path":"C:\\Users\\yt037\\Desktop\\kaikeba\\projects\\vue-study\\src\\components\\recursion\\index.vue","statementMap":{"0":{"start":{"line":8,"column":0},"end":{"line":null,"column":-1}},"1":{"start":{"line":12,"column":0},"end":{"line":null,"column":-1}}},"fnMap":{},"branchMap":{},"s":{"0":0,"1":0},"f":{},"b":{}}
,"C:\\Users\\yt037\\Desktop\\kaikeba\\projects\\vue-study\\src\\components\\slots\\Comp3.vue": {"path":"C:\\Users\\yt037\\Desktop\\kaikeba\\projects\\vue-study\\src\\components\\slots\\Comp3.vue","statementMap":{"0":{"start":{"line":14,"column":0},"end":{"line":null,"column":-1}}},"fnMap":{},"branchMap":{},"s":{"0":0},"f":{},"b":{}}
,"C:\\Users\\yt037\\Desktop\\kaikeba\\projects\\vue-study\\src\\components\\slots\\index.vue": {"path":"C:\\Users\\yt037\\Desktop\\kaikeba\\projects\\vue-study\\src\\components\\slots\\index.vue","statementMap":{"0":{"start":{"line":20,"column":0},"end":{"line":null,"column":-1}},"1":{"start":{"line":21,"column":0},"end":{"line":null,"column":-1}},"2":{"start":{"line":22,"column":0},"end":{"line":null,"column":-1}}},"fnMap":{},"branchMap":{},"s":{"0":0,"1":0,"2":0},"f":{},"b":{}}
,"C:\\Users\\yt037\\Desktop\\kaikeba\\projects\\vue-study\\src\\components\\tree\\Item.vue": {"path":"C:\\Users\\yt037\\Desktop\\kaikeba\\projects\\vue-study\\src\\components\\tree\\Item.vue","statementMap":{"0":{"start":{"line":22,"column":0},"end":{"line":null,"column":-1}},"1":{"start":{"line":28,"column":0},"end":{"line":null,"column":-1}},"2":{"start":{"line":33,"column":0},"end":{"line":35,"column":0}},"3":{"start":{"line":34,"column":0},"end":{"line":null,"column":-1}}},"fnMap":{"0":{"name":"(anonymous_1)","decl":{"start":{"line":21,"column":0},"end":{"line":null,"column":-1}},"loc":{"start":{"line":21,"column":0},"end":{"line":25,"column":0}}},"1":{"name":"(anonymous_2)","decl":{"start":{"line":27,"column":0},"end":{"line":null,"column":-1}},"loc":{"start":{"line":27,"column":0},"end":{"line":29,"column":0}}},"2":{"name":"(anonymous_3)","decl":{"start":{"line":32,"column":0},"end":{"line":null,"column":-1}},"loc":{"start":{"line":32,"column":0},"end":{"line":36,"column":0}}}},"branchMap":{"0":{"loc":{"start":{"line":28,"column":0},"end":{"line":null,"column":-1}},"type":"binary-expr","locations":[{"start":{"line":28,"column":0},"end":{"line":null,"column":-1}},{"start":{"line":28,"column":0},"end":{"line":null,"column":-1}}]},"1":{"loc":{"start":{"line":33,"column":0},"end":{"line":35,"column":0}},"type":"if","locations":[{"start":{"line":33,"column":0},"end":{"line":35,"column":0}},{"start":{"line":33,"column":0},"end":{"line":35,"column":0}}]}},"s":{"0":0,"1":0,"2":0,"3":0},"f":{"0":0,"1":0,"2":0},"b":{"0":[0,0],"1":[0,0]}}
,"C:\\Users\\yt037\\Desktop\\kaikeba\\projects\\vue-study\\src\\components\\tree\\index.vue": {"path":"C:\\Users\\yt037\\Desktop\\kaikeba\\projects\\vue-study\\src\\components\\tree\\index.vue","statementMap":{"0":{"start":{"line":9,"column":0},"end":{"line":null,"column":-1}},"1":{"start":{"line":13,"column":0},"end":{"line":null,"column":-1}}},"fnMap":{},"branchMap":{},"s":{"0":0,"1":0},"f":{},"b":{}}
,"C:\\Users\\yt037\\Desktop\\kaikeba\\projects\\vue-study\\src\\directive\\permission.js": {"path":"C:\\Users\\yt037\\Desktop\\kaikeba\\projects\\vue-study\\src\\directive\\permission.js","statementMap":{"0":{"start":{"line":1,"column":0},"end":{"line":null,"column":-1}},"1":{"start":{"line":10,"column":41},"end":{"line":10,"column":8}},"2":{"start":{"line":11,"column":8},"end":{"line":8,"column":26}},"3":{"start":{"line":13,"column":22},"end":{"line":13,"column":8}},"4":{"start":{"line":15,"column":8},"end":{"line":29,"column":9}},"5":{"start":{"line":18,"column":34},"end":{"line":18,"column":12}},"6":{"start":{"line":19,"column":16},"end":{"line":null,"column":-1}},"7":{"start":{"line":23,"column":12},"end":{"line":25,"column":13}},"8":{"start":{"line":24,"column":16},"end":{"line":null,"column":-1}},"9":{"start":{"line":28,"column":12},"end":{"line":null,"column":-1}}},"fnMap":{"0":{"name":"(anonymous_0)","decl":{"start":{"line":18,"column":45},"end":{"line":18,"column":48}},"loc":{"start":{"line":18,"column":53},"end":{"line":18,"column":34}}}},"branchMap":{"0":{"loc":{"start":{"line":15,"column":8},"end":{"line":29,"column":9}},"type":"if","locations":[{"start":{"line":15,"column":8},"end":{"line":29,"column":9}},{"start":{"line":15,"column":8},"end":{"line":29,"column":9}}]},"1":{"loc":{"start":{"line":15,"column":12},"end":{"line":15,"column":27}},"type":"binary-expr","locations":[{"start":{"line":15,"column":12},"end":{"line":15,"column":27}},{"start":{"line":15,"column":31},"end":{"line":15,"column":12}},{"start":{"line":16,"column":12},"end":{"line":15,"column":8}}]},"2":{"loc":{"start":{"line":23,"column":12},"end":{"line":25,"column":13}},"type":"if","locations":[{"start":{"line":23,"column":12},"end":{"line":25,"column":13}},{"start":{"line":23,"column":12},"end":{"line":25,"column":13}}]},"3":{"loc":{"start":{"line":24,"column":16},"end":{"line":24,"column":15}},"type":"binary-expr","locations":[{"start":{"line":24,"column":16},"end":{"line":24,"column":15}},{"start":{"line":24,"column":33},"end":{"line":24,"column":16}}]}},"s":{"0":0,"1":0,"2":0,"3":0,"4":0,"5":0,"6":0,"7":0,"8":0,"9":0},"f":{"0":0},"b":{"0":[0,0],"1":[0,0,0],"2":[0,0],"3":[0,0]}}
,"C:\\Users\\yt037\\Desktop\\kaikeba\\projects\\vue-study\\src\\icons\\index.js": {"path":"C:\\Users\\yt037\\Desktop\\kaikeba\\projects\\vue-study\\src\\icons\\index.js","statementMap":{"0":{"start":{"line":1,"column":0},"end":{"line":null,"column":-1}},"1":{"start":{"line":2,"column":0},"end":{"line":null,"column":-1}},"2":{"start":{"line":7,"column":12},"end":{"line":7,"column":0}},"3":{"start":{"line":8,"column":0},"end":{"line":null,"column":-1}},"4":{"start":{"line":12,"column":0},"end":{"line":null,"column":-1}}},"fnMap":{},"branchMap":{},"s":{"0":0,"1":0,"2":0,"3":0,"4":0},"f":{},"b":{}}
,"C:\\Users\\yt037\\Desktop\\kaikeba\\projects\\vue-study\\src\\layout\\index.vue": {"path":"C:\\Users\\yt037\\Desktop\\kaikeba\\projects\\vue-study\\src\\layout\\index.vue","statementMap":{"0":{"start":{"line":12,"column":0},"end":{"line":null,"column":-1}},"1":{"start":{"line":13,"column":0},"end":{"line":null,"column":-1}}},"fnMap":{},"branchMap":{},"s":{"0":0,"1":0},"f":{},"b":{}}
,"C:\\Users\\yt037\\Desktop\\kaikeba\\projects\\vue-study\\src\\mixins\\emmiter.js": {"path":"C:\\Users\\yt037\\Desktop\\kaikeba\\projects\\vue-study\\src\\mixins\\emmiter.js","statementMap":{"0":{"start":{"line":4,"column":19},"end":{"line":4,"column":6}},"1":{"start":{"line":6,"column":6},"end":{"line":11,"column":7}},"2":{"start":{"line":8,"column":8},"end":{"line":6,"column":21}},"3":{"start":{"line":10,"column":8},"end":{"line":null,"column":-1}},"4":{"start":{"line":14,"column":6},"end":{"line":null,"column":-1}},"5":{"start":{"line":20,"column":2},"end":{"line":null,"column":-1}},"6":{"start":{"line":22,"column":4},"end":{"line":null,"column":-1}},"7":{"start":{"line":23,"column":4},"end":{"line":26,"column":5}},"8":{"start":{"line":25,"column":6},"end":{"line":null,"column":-1}}},"fnMap":{"0":{"name":"boardcast","decl":{"start":{"line":19,"column":9},"end":{"line":19,"column":0}},"loc":{"start":{"line":19,"column":36},"end":{"line":28,"column":1}}},"1":{"name":"(anonymous_1)","decl":{"start":{"line":20,"column":25},"end":{"line":20,"column":29}},"loc":{"start":{"line":20,"column":34},"end":{"line":20,"column":2}}}},"branchMap":{"0":{"loc":{"start":{"line":23,"column":4},"end":{"line":26,"column":5}},"type":"if","locations":[{"start":{"line":23,"column":4},"end":{"line":26,"column":5}},{"start":{"line":23,"column":4},"end":{"line":26,"column":5}}]}},"s":{"0":0,"1":0,"2":0,"3":0,"4":0,"5":0,"6":0,"7":0,"8":0},"f":{"0":0,"1":0},"b":{"0":[0,0]}}
,"C:\\Users\\yt037\\Desktop\\kaikeba\\projects\\vue-study\\src\\plugins\\bus.js": {"path":"C:\\Users\\yt037\\Desktop\\kaikeba\\projects\\vue-study\\src\\plugins\\bus.js","statementMap":{"0":{"start":{"line":7,"column":0},"end":{"line":null,"column":-1}},"1":{"start":{"line":8,"column":4},"end":{"line":null,"column":-1}}},"fnMap":{"0":{"name":"(anonymous_0)","decl":{"start":{"line":2,"column":4},"end":{"line":2,"column":14}},"loc":{"start":{"line":2,"column":17},"end":{"line":2,"column":19}}},"1":{"name":"(anonymous_1)","decl":{"start":{"line":3,"column":4},"end":{"line":3,"column":7}},"loc":{"start":{"line":3,"column":10},"end":{"line":3,"column":12}}},"2":{"name":"(anonymous_2)","decl":{"start":{"line":4,"column":4},"end":{"line":4,"column":5}},"loc":{"start":{"line":4,"column":8},"end":{"line":4,"column":10}}},"3":{"name":"(anonymous_3)","decl":{"start":{"line":7,"column":14},"end":{"line":7,"column":23}},"loc":{"start":{"line":7,"column":29},"end":{"line":7,"column":0}}}},"branchMap":{},"s":{"0":0,"1":0},"f":{"0":0,"1":0,"2":0,"3":0},"b":{}}
,"C:\\Users\\yt037\\Desktop\\kaikeba\\projects\\vue-study\\src\\plugins\\element.js": {"path":"C:\\Users\\yt037\\Desktop\\kaikeba\\projects\\vue-study\\src\\plugins\\element.js","statementMap":{"0":{"start":{"line":1,"column":0},"end":{"line":null,"column":-1}},"1":{"start":{"line":2,"column":0},"end":{"line":null,"column":-1}},"2":{"start":{"line":3,"column":0},"end":{"line":null,"column":-1}},"3":{"start":{"line":5,"column":0},"end":{"line":null,"column":-1}}},"fnMap":{},"branchMap":{},"s":{"0":0,"1":0,"2":0,"3":0},"f":{},"b":{}}
,"C:\\Users\\yt037\\Desktop\\kaikeba\\projects\\vue-study\\src\\router\\index.js": {"path":"C:\\Users\\yt037\\Desktop\\kaikeba\\projects\\vue-study\\src\\router\\index.js","statementMap":{"0":{"start":{"line":1,"column":0},"end":{"line":null,"column":-1}},"1":{"start":{"line":2,"column":0},"end":{"line":null,"column":-1}},"2":{"start":{"line":6,"column":0},"end":{"line":null,"column":-1}},"3":{"start":{"line":11,"column":27},"end":{"line":11,"column":7}},"4":{"start":{"line":14,"column":15},"end":{"line":12,"column":2}},"5":{"start":{"line":14,"column":15},"end":{"line":12,"column":1}},"6":{"start":{"line":25,"column":19},"end":{"line":23,"column":6}},"7":{"start":{"line":25,"column":19},"end":{"line":23,"column":5}},"8":{"start":{"line":35,"column":19},"end":{"line":33,"column":6}},"9":{"start":{"line":35,"column":19},"end":{"line":33,"column":5}},"10":{"start":{"line":48,"column":27},"end":{"line":48,"column":7}},"11":{"start":{"line":56,"column":19},"end":{"line":54,"column":6}},"12":{"start":{"line":56,"column":19},"end":{"line":54,"column":5}},"13":{"start":{"line":68,"column":19},"end":{"line":66,"column":6}},"14":{"start":{"line":68,"column":19},"end":{"line":66,"column":5}}},"fnMap":{"0":{"name":"(anonymous_0)","decl":{"start":{"line":14,"column":15},"end":{"line":14,"column":27}},"loc":{"start":{"line":14,"column":15},"end":{"line":12,"column":2}}},"1":{"name":"(anonymous_2)","decl":{"start":{"line":25,"column":19},"end":{"line":26,"column":47}},"loc":{"start":{"line":25,"column":19},"end":{"line":23,"column":6}}},"2":{"name":"(anonymous_4)","decl":{"start":{"line":35,"column":19},"end":{"line":36,"column":47}},"loc":{"start":{"line":35,"column":19},"end":{"line":33,"column":6}}},"3":{"name":"(anonymous_6)","decl":{"start":{"line":56,"column":19},"end":{"line":57,"column":47}},"loc":{"start":{"line":56,"column":19},"end":{"line":54,"column":6}}},"4":{"name":"(anonymous_8)","decl":{"start":{"line":68,"column":19},"end":{"line":69,"column":47}},"loc":{"start":{"line":68,"column":19},"end":{"line":66,"column":6}}}},"branchMap":{},"s":{"0":0,"1":0,"2":0,"3":0,"4":0,"5":0,"6":0,"7":0,"8":0,"9":0,"10":0,"11":0,"12":0,"13":0,"14":0},"f":{"0":0,"1":0,"2":0,"3":0,"4":0},"b":{}}
,"C:\\Users\\yt037\\Desktop\\kaikeba\\projects\\vue-study\\src\\store\\count.js": {"path":"C:\\Users\\yt037\\Desktop\\kaikeba\\projects\\vue-study\\src\\store\\count.js","statementMap":{"0":{"start":{"line":8,"column":8},"end":{"line":null,"column":-1}},"1":{"start":{"line":13,"column":8},"end":{"line":null,"column":-1}},"2":{"start":{"line":20,"column":8},"end":{"line":null,"column":-1}},"3":{"start":{"line":21,"column":10},"end":{"line":null,"column":-1}},"4":{"start":{"line":22,"column":12},"end":{"line":null,"column":-1}},"5":{"start":{"line":23,"column":12},"end":{"line":null,"column":-1}}},"fnMap":{"0":{"name":"(anonymous_0)","decl":{"start":{"line":20,"column":27},"end":{"line":20,"column":33}},"loc":{"start":{"line":20,"column":38},"end":{"line":20,"column":15}}},"1":{"name":"(anonymous_1)","decl":{"start":{"line":21,"column":21},"end":{"line":21,"column":26}},"loc":{"start":{"line":21,"column":27},"end":{"line":21,"column":20}}}},"branchMap":{"0":{"loc":{"start":{"line":7,"column":23},"end":{"line":7,"column":9}},"type":"default-arg","locations":[{"start":{"line":7,"column":23},"end":{"line":7,"column":9}}]}},"s":{"0":0,"1":0,"2":0,"3":0,"4":0,"5":0},"f":{"0":0,"1":0},"b":{"0":[0]}}
,"C:\\Users\\yt037\\Desktop\\kaikeba\\projects\\vue-study\\src\\store\\index.js": {"path":"C:\\Users\\yt037\\Desktop\\kaikeba\\projects\\vue-study\\src\\store\\index.js","statementMap":{"0":{"start":{"line":1,"column":0},"end":{"line":null,"column":-1}},"1":{"start":{"line":2,"column":0},"end":{"line":null,"column":-1}},"2":{"start":{"line":4,"column":0},"end":{"line":null,"column":-1}},"3":{"start":{"line":5,"column":0},"end":{"line":null,"column":-1}},"4":{"start":{"line":6,"column":0},"end":{"line":null,"column":-1}},"5":{"start":{"line":14,"column":20},"end":{"line":13,"column":11}},"6":{"start":{"line":15,"column":20},"end":{"line":13,"column":11}},"7":{"start":{"line":16,"column":32},"end":{"line":16,"column":49}}},"fnMap":{"0":{"name":"(anonymous_0)","decl":{"start":{"line":14,"column":11},"end":{"line":14,"column":15}},"loc":{"start":{"line":14,"column":20},"end":{"line":13,"column":11}}},"1":{"name":"(anonymous_1)","decl":{"start":{"line":15,"column":11},"end":{"line":15,"column":15}},"loc":{"start":{"line":15,"column":20},"end":{"line":13,"column":11}}},"2":{"name":"(anonymous_2)","decl":{"start":{"line":16,"column":23},"end":{"line":16,"column":27}},"loc":{"start":{"line":16,"column":32},"end":{"line":16,"column":49}}}},"branchMap":{},"s":{"0":0,"1":0,"2":0,"3":0,"4":0,"5":0,"6":0,"7":0},"f":{"0":0,"1":0,"2":0},"b":{}}
,"C:\\Users\\yt037\\Desktop\\kaikeba\\projects\\vue-study\\src\\store\\kindex.js": {"path":"C:\\Users\\yt037\\Desktop\\kaikeba\\projects\\vue-study\\src\\store\\kindex.js","statementMap":{"0":{"start":{"line":1,"column":0},"end":{"line":null,"column":-1}},"1":{"start":{"line":2,"column":0},"end":{"line":null,"column":-1}},"2":{"start":{"line":4,"column":0},"end":{"line":null,"column":-1}},"3":{"start":{"line":12,"column":6},"end":{"line":null,"column":-1}},"4":{"start":{"line":17,"column":6},"end":{"line":null,"column":-1}},"5":{"start":{"line":24,"column":6},"end":{"line":null,"column":-1}},"6":{"start":{"line":25,"column":8},"end":{"line":null,"column":-1}},"7":{"start":{"line":26,"column":10},"end":{"line":null,"column":-1}},"8":{"start":{"line":27,"column":10},"end":{"line":null,"column":-1}}},"fnMap":{"0":{"name":"(anonymous_0)","decl":{"start":{"line":24,"column":25},"end":{"line":24,"column":31}},"loc":{"start":{"line":24,"column":36},"end":{"line":24,"column":13}}},"1":{"name":"(anonymous_1)","decl":{"start":{"line":25,"column":19},"end":{"line":25,"column":24}},"loc":{"start":{"line":25,"column":25},"end":{"line":25,"column":18}}}},"branchMap":{"0":{"loc":{"start":{"line":11,"column":21},"end":{"line":11,"column":7}},"type":"default-arg","locations":[{"start":{"line":11,"column":21},"end":{"line":11,"column":7}}]}},"s":{"0":0,"1":0,"2":0,"3":0,"4":0,"5":0,"6":0,"7":0,"8":0},"f":{"0":0,"1":0},"b":{"0":[0]}}
,"C:\\Users\\yt037\\Desktop\\kaikeba\\projects\\vue-study\\src\\store\\permission.js": {"path":"C:\\Users\\yt037\\Desktop\\kaikeba\\projects\\vue-study\\src\\store\\permission.js","statementMap":{"0":{"start":{"line":1,"column":0},"end":{"line":null,"column":-1}},"1":{"start":{"line":10,"column":2},"end":{"line":16,"column":3}},"2":{"start":{"line":12,"column":4},"end":{"line":null,"column":-1}},"3":{"start":{"line":12,"column":30},"end":{"line":12,"column":11}},"4":{"start":{"line":15,"column":4},"end":{"line":null,"column":-1}},"5":{"start":{"line":25,"column":14},"end":{"line":25,"column":2}},"6":{"start":{"line":27,"column":2},"end":{"line":null,"column":-1}},"7":{"start":{"line":29,"column":16},"end":{"line":29,"column":4}},"8":{"start":{"line":31,"column":4},"end":{"line":37,"column":5}},"9":{"start":{"line":33,"column":6},"end":{"line":35,"column":7}},"10":{"start":{"line":34,"column":8},"end":{"line":null,"column":-1}},"11":{"start":{"line":36,"column":6},"end":{"line":null,"column":-1}},"12":{"start":{"line":40,"column":2},"end":{"line":null,"column":-1}},"13":{"start":{"line":43,"column":14},"end":{"line":43,"column":0}},"14":{"start":{"line":48,"column":18},"end":{"line":48,"column":0}},"15":{"start":{"line":51,"column":4},"end":{"line":49,"column":33}},"16":{"start":{"line":53,"column":4},"end":{"line":null,"column":-1}},"17":{"start":{"line":57,"column":16},"end":{"line":57,"column":0}},"18":{"start":{"line":60,"column":4},"end":{"line":null,"column":-1}},"19":{"start":{"line":63,"column":6},"end":{"line":68,"column":7}},"20":{"start":{"line":64,"column":8},"end":{"line":null,"column":-1}},"21":{"start":{"line":67,"column":8},"end":{"line":null,"column":-1}},"22":{"start":{"line":69,"column":6},"end":{"line":null,"column":-1}},"23":{"start":{"line":70,"column":6},"end":{"line":null,"column":-1}}},"fnMap":{"0":{"name":"hasPermission","decl":{"start":{"line":8,"column":9},"end":{"line":8,"column":0}},"loc":{"start":{"line":8,"column":37},"end":{"line":17,"column":1}}},"1":{"name":"(anonymous_1)","decl":{"start":{"line":12,"column":22},"end":{"line":12,"column":25}},"loc":{"start":{"line":12,"column":30},"end":{"line":12,"column":11}}},"2":{"name":"filterAsyncRoutes","decl":{"start":{"line":24,"column":16},"end":{"line":24,"column":7}},"loc":{"start":{"line":24,"column":49},"end":{"line":41,"column":1}}},"3":{"name":"(anonymous_3)","decl":{"start":{"line":27,"column":17},"end":{"line":27,"column":21}},"loc":{"start":{"line":27,"column":26},"end":{"line":27,"column":2}}},"4":{"name":"(anonymous_4)","decl":{"start":{"line":49,"column":14},"end":{"line":49,"column":15}},"loc":{"start":{"line":49,"column":33},"end":{"line":54,"column":3}}},"5":{"name":"(anonymous_5)","decl":{"start":{"line":60,"column":23},"end":{"line":60,"column":29}},"loc":{"start":{"line":60,"column":34},"end":{"line":60,"column":11}}}},"branchMap":{"0":{"loc":{"start":{"line":10,"column":2},"end":{"line":16,"column":3}},"type":"if","locations":[{"start":{"line":10,"column":2},"end":{"line":16,"column":3}},{"start":{"line":10,"column":2},"end":{"line":16,"column":3}}]},"1":{"loc":{"start":{"line":10,"column":6},"end":{"line":10,"column":5}},"type":"binary-expr","locations":[{"start":{"line":10,"column":6},"end":{"line":10,"column":5}},{"start":{"line":10,"column":20},"end":{"line":10,"column":2}}]},"2":{"loc":{"start":{"line":31,"column":4},"end":{"line":37,"column":5}},"type":"if","locations":[{"start":{"line":31,"column":4},"end":{"line":37,"column":5}},{"start":{"line":31,"column":4},"end":{"line":37,"column":5}}]},"3":{"loc":{"start":{"line":33,"column":6},"end":{"line":35,"column":7}},"type":"if","locations":[{"start":{"line":33,"column":6},"end":{"line":35,"column":7}},{"start":{"line":33,"column":6},"end":{"line":35,"column":7}}]},"4":{"loc":{"start":{"line":63,"column":6},"end":{"line":68,"column":7}},"type":"if","locations":[{"start":{"line":63,"column":6},"end":{"line":68,"column":7}},{"start":{"line":63,"column":6},"end":{"line":68,"column":7}}]},"5":{"loc":{"start":{"line":64,"column":25},"end":{"line":64,"column":39}},"type":"binary-expr","locations":[{"start":{"line":64,"column":25},"end":{"line":64,"column":39}},{"start":{"line":64,"column":40},"end":{"line":64,"column":8}}]}},"s":{"0":0,"1":0,"2":0,"3":0,"4":0,"5":0,"6":0,"7":0,"8":0,"9":0,"10":0,"11":0,"12":0,"13":0,"14":0,"15":0,"16":0,"17":0,"18":0,"19":0,"20":0,"21":0,"22":0,"23":0},"f":{"0":0,"1":0,"2":0,"3":0,"4":0,"5":0},"b":{"0":[0,0],"1":[0,0],"2":[0,0],"3":[0,0],"4":[0,0],"5":[0,0]}}
,"C:\\Users\\yt037\\Desktop\\kaikeba\\projects\\vue-study\\src\\store\\user.js": {"path":"C:\\Users\\yt037\\Desktop\\kaikeba\\projects\\vue-study\\src\\store\\user.js","statementMap":{"0":{"start":{"line":1,"column":0},"end":{"line":null,"column":-1}},"1":{"start":{"line":2,"column":0},"end":{"line":null,"column":-1}},"2":{"start":{"line":3,"column":14},"end":{"line":3,"column":0}},"3":{"start":{"line":8,"column":18},"end":{"line":8,"column":0}},"4":{"start":{"line":10,"column":4},"end":{"line":null,"column":-1}},"5":{"start":{"line":13,"column":4},"end":{"line":null,"column":-1}},"6":{"start":{"line":17,"column":16},"end":{"line":17,"column":0}},"7":{"start":{"line":21,"column":4},"end":{"line":19,"column":30}},"8":{"start":{"line":22,"column":6},"end":{"line":null,"column":-1}},"9":{"start":{"line":23,"column":6},"end":{"line":null,"column":-1}},"10":{"start":{"line":42,"column":4},"end":{"line":41,"column":29}},"11":{"start":{"line":43,"column":6},"end":{"line":null,"column":-1}},"12":{"start":{"line":44,"column":6},"end":{"line":null,"column":-1}},"13":{"start":{"line":57,"column":4},"end":{"line":null,"column":-1}},"14":{"start":{"line":58,"column":6},"end":{"line":null,"column":-1}},"15":{"start":{"line":59,"column":6},"end":{"line":null,"column":-1}},"16":{"start":{"line":60,"column":6},"end":{"line":null,"column":-1}},"17":{"start":{"line":61,"column":6},"end":{"line":61,"column":13}}},"fnMap":{"0":{"name":"(anonymous_0)","decl":{"start":{"line":9,"column":13},"end":{"line":9,"column":14}},"loc":{"start":{"line":9,"column":31},"end":{"line":8,"column":18}}},"1":{"name":"(anonymous_1)","decl":{"start":{"line":12,"column":13},"end":{"line":12,"column":14}},"loc":{"start":{"line":12,"column":31},"end":{"line":14,"column":3}}},"2":{"name":"(anonymous_2)","decl":{"start":{"line":21,"column":33},"end":{"line":21,"column":31}},"loc":{"start":{"line":21,"column":41},"end":{"line":21,"column":11}}},"3":{"name":"(anonymous_3)","decl":{"start":{"line":42,"column":37},"end":{"line":42,"column":38}},"loc":{"start":{"line":42,"column":56},"end":{"line":42,"column":11}}},"4":{"name":"(anonymous_4)","decl":{"start":{"line":57,"column":23},"end":{"line":57,"column":29}},"loc":{"start":{"line":57,"column":34},"end":{"line":57,"column":11}}}},"branchMap":{},"s":{"0":0,"1":0,"2":0,"3":0,"4":0,"5":0,"6":0,"7":0,"8":0,"9":0,"10":0,"11":0,"12":0,"13":0,"14":0,"15":0,"16":0,"17":0},"f":{"0":0,"1":0,"2":0,"3":0,"4":0},"b":{}}
,"C:\\Users\\yt037\\Desktop\\kaikeba\\projects\\vue-study\\src\\utils\\auth.js": {"path":"C:\\Users\\yt037\\Desktop\\kaikeba\\projects\\vue-study\\src\\utils\\auth.js","statementMap":{"0":{"start":{"line":1,"column":0},"end":{"line":null,"column":-1}},"1":{"start":{"line":4,"column":2},"end":{"line":null,"column":-1}},"2":{"start":{"line":8,"column":2},"end":{"line":null,"column":-1}},"3":{"start":{"line":12,"column":2},"end":{"line":null,"column":-1}}},"fnMap":{"0":{"name":"getToken","decl":{"start":{"line":3,"column":16},"end":{"line":3,"column":7}},"loc":{"start":{"line":3,"column":27},"end":{"line":5,"column":1}}},"1":{"name":"setToken","decl":{"start":{"line":7,"column":16},"end":{"line":7,"column":7}},"loc":{"start":{"line":7,"column":32},"end":{"line":9,"column":1}}},"2":{"name":"removeToken","decl":{"start":{"line":11,"column":16},"end":{"line":11,"column":7}},"loc":{"start":{"line":11,"column":30},"end":{"line":13,"column":1}}}},"branchMap":{},"s":{"0":0,"1":0,"2":0,"3":0},"f":{"0":0,"1":0,"2":0},"b":{}}
,"C:\\Users\\yt037\\Desktop\\kaikeba\\projects\\vue-study\\src\\utils\\create.js": {"path":"C:\\Users\\yt037\\Desktop\\kaikeba\\projects\\vue-study\\src\\utils\\create.js","statementMap":{"0":{"start":{"line":2,"column":0},"end":{"line":null,"column":-1}},"1":{"start":{"line":6,"column":15},"end":{"line":6,"column":4}},"2":{"start":{"line":9,"column":12},"end":{"line":null,"column":-1}},"3":{"start":{"line":15,"column":4},"end":{"line":null,"column":-1}},"4":{"start":{"line":17,"column":17},"end":{"line":17,"column":4}},"5":{"start":{"line":19,"column":4},"end":{"line":4,"column":49}},"6":{"start":{"line":22,"column":4},"end":{"line":4,"column":49}},"7":{"start":{"line":23,"column":8},"end":{"line":null,"column":-1}},"8":{"start":{"line":24,"column":8},"end":{"line":null,"column":-1}},"9":{"start":{"line":28,"column":4},"end":{"line":null,"column":-1}}},"fnMap":{"0":{"name":"create","decl":{"start":{"line":4,"column":24},"end":{"line":4,"column":15}},"loc":{"start":{"line":4,"column":49},"end":{"line":29,"column":1}}},"1":{"name":"(anonymous_1)","decl":{"start":{"line":22,"column":18},"end":{"line":22,"column":23}},"loc":{"start":{"line":22,"column":24},"end":{"line":22,"column":4}}}},"branchMap":{},"s":{"0":0,"1":0,"2":0,"3":0,"4":0,"5":0,"6":0,"7":0,"8":0,"9":0},"f":{"0":0,"1":0},"b":{}}
,"C:\\Users\\yt037\\Desktop\\kaikeba\\projects\\vue-study\\src\\utils\\request.js": {"path":"C:\\Users\\yt037\\Desktop\\kaikeba\\projects\\vue-study\\src\\utils\\request.js","statementMap":{"0":{"start":{"line":1,"column":0},"end":{"line":null,"column":-1}},"1":{"start":{"line":2,"column":0},"end":{"line":null,"column":-1}},"2":{"start":{"line":3,"column":0},"end":{"line":null,"column":-1}},"3":{"start":{"line":4,"column":0},"end":{"line":null,"column":-1}},"4":{"start":{"line":7,"column":16},"end":{"line":7,"column":0}},"5":{"start":{"line":21,"column":4},"end":{"line":25,"column":5}},"6":{"start":{"line":23,"column":6},"end":{"line":21,"column":29}},"7":{"start":{"line":26,"column":4},"end":{"line":null,"column":-1}},"8":{"start":{"line":31,"column":4},"end":{"line":null,"column":-1}},"9":{"start":{"line":36,"column":0},"end":{"line":null,"column":-1}},"10":{"start":{"line":40,"column":16},"end":{"line":40,"column":4}},"11":{"start":{"line":43,"column":4},"end":{"line":70,"column":5}},"12":{"start":{"line":44,"column":6},"end":{"line":43,"column":24}},"13":{"start":{"line":51,"column":6},"end":{"line":66,"column":7}},"14":{"start":{"line":53,"column":8},"end":{"line":null,"column":-1}},"15":{"start":{"line":62,"column":10},"end":{"line":null,"column":-1}},"16":{"start":{"line":63,"column":12},"end":{"line":null,"column":-1}},"17":{"start":{"line":67,"column":6},"end":{"line":null,"column":-1}},"18":{"start":{"line":69,"column":6},"end":{"line":null,"column":-1}},"19":{"start":{"line":74,"column":4},"end":{"line":null,"column":-1}},"20":{"start":{"line":79,"column":4},"end":{"line":null,"column":-1}}},"fnMap":{"0":{"name":"(anonymous_0)","decl":{"start":{"line":17,"column":2},"end":{"line":17,"column":7}},"loc":{"start":{"line":17,"column":12},"end":{"line":16,"column":0}}},"1":{"name":"(anonymous_1)","decl":{"start":{"line":28,"column":2},"end":{"line":28,"column":6}},"loc":{"start":{"line":28,"column":11},"end":{"line":16,"column":0}}},"2":{"name":"(anonymous_2)","decl":{"start":{"line":38,"column":2},"end":{"line":38,"column":9}},"loc":{"start":{"line":38,"column":14},"end":{"line":36,"column":0}}},"3":{"name":"(anonymous_3)","decl":{"start":{"line":61,"column":15},"end":{"line":61,"column":20}},"loc":{"start":{"line":61,"column":21},"end":{"line":53,"column":8}}},"4":{"name":"(anonymous_4)","decl":{"start":{"line":62,"column":49},"end":{"line":62,"column":54}},"loc":{"start":{"line":62,"column":55},"end":{"line":62,"column":10}}},"5":{"name":"(anonymous_5)","decl":{"start":{"line":72,"column":2},"end":{"line":72,"column":6}},"loc":{"start":{"line":72,"column":11},"end":{"line":36,"column":0}}}},"branchMap":{"0":{"loc":{"start":{"line":21,"column":4},"end":{"line":25,"column":5}},"type":"if","locations":[{"start":{"line":21,"column":4},"end":{"line":25,"column":5}},{"start":{"line":21,"column":4},"end":{"line":25,"column":5}}]},"1":{"loc":{"start":{"line":43,"column":4},"end":{"line":70,"column":5}},"type":"if","locations":[{"start":{"line":43,"column":4},"end":{"line":70,"column":5}},{"start":{"line":43,"column":4},"end":{"line":70,"column":5}}]},"2":{"loc":{"start":{"line":45,"column":17},"end":{"line":45,"column":16}},"type":"binary-expr","locations":[{"start":{"line":45,"column":17},"end":{"line":45,"column":16}},{"start":{"line":45,"column":32},"end":{"line":44,"column":14}}]},"3":{"loc":{"start":{"line":51,"column":6},"end":{"line":66,"column":7}},"type":"if","locations":[{"start":{"line":51,"column":6},"end":{"line":66,"column":7}},{"start":{"line":51,"column":6},"end":{"line":66,"column":7}}]},"4":{"loc":{"start":{"line":51,"column":10},"end":{"line":51,"column":9}},"type":"binary-expr","locations":[{"start":{"line":51,"column":10},"end":{"line":51,"column":9}},{"start":{"line":51,"column":32},"end":{"line":51,"column":10}},{"start":{"line":51,"column":54},"end":{"line":51,"column":6}}]},"5":{"loc":{"start":{"line":67,"column":38},"end":{"line":67,"column":37}},"type":"binary-expr","locations":[{"start":{"line":67,"column":38},"end":{"line":67,"column":37}},{"start":{"line":67,"column":53},"end":{"line":67,"column":28}}]}},"s":{"0":0,"1":0,"2":0,"3":0,"4":0,"5":0,"6":0,"7":0,"8":0,"9":0,"10":0,"11":0,"12":0,"13":0,"14":0,"15":0,"16":0,"17":0,"18":0,"19":0,"20":0},"f":{"0":0,"1":0,"2":0,"3":0,"4":0,"5":0},"b":{"0":[0,0],"1":[0,0],"2":[0,0],"3":[0,0],"4":[0,0,0],"5":[0,0]}}
,"C:\\Users\\yt037\\Desktop\\kaikeba\\projects\\vue-study\\src\\views\\Detail.vue": {"path":"C:\\Users\\yt037\\Desktop\\kaikeba\\projects\\vue-study\\src\\views\\Detail.vue","statementMap":{"0":{"start":{"line":18,"column":0},"end":{"line":null,"column":-1}},"1":{"start":{"line":25,"column":0},"end":{"line":null,"column":-1}},"2":{"start":{"line":26,"column":0},"end":{"line":null,"column":-1}}},"fnMap":{"0":{"name":"(anonymous_1)","decl":{"start":{"line":26,"column":0},"end":{"line":null,"column":-1}},"loc":{"start":{"line":26,"column":0},"end":{"line":null,"column":-1}}}},"branchMap":{"0":{"loc":{"start":{"line":26,"column":0},"end":{"line":null,"column":-1}},"type":"binary-expr","locations":[{"start":{"line":26,"column":0},"end":{"line":null,"column":-1}},{"start":{"line":26,"column":0},"end":{"line":null,"column":-1}}]}},"s":{"0":0,"1":0,"2":0},"f":{"0":0},"b":{"0":[0,0]}}
,"C:\\Users\\yt037\\Desktop\\kaikeba\\projects\\vue-study\\src\\views\\Home.vue": {"path":"C:\\Users\\yt037\\Desktop\\kaikeba\\projects\\vue-study\\src\\views\\Home.vue","statementMap":{"0":{"start":{"line":12,"column":0},"end":{"line":null,"column":-1}}},"fnMap":{},"branchMap":{},"s":{"0":0},"f":{},"b":{}}
,"C:\\Users\\yt037\\Desktop\\kaikeba\\projects\\vue-study\\src\\views\\Login.vue": {"path":"C:\\Users\\yt037\\Desktop\\kaikeba\\projects\\vue-study\\src\\views\\Login.vue","statementMap":{"0":{"start":{"line":12,"column":0},"end":{"line":null,"column":-1}},"1":{"start":{"line":18,"column":0},"end":{"line":24,"column":0}},"2":{"start":{"line":19,"column":0},"end":{"line":null,"column":-1}},"3":{"start":{"line":20,"column":0},"end":{"line":null,"column":-1}},"4":{"start":{"line":21,"column":0},"end":{"line":null,"column":-1}},"5":{"start":{"line":23,"column":0},"end":{"line":null,"column":-1}}},"fnMap":{},"branchMap":{"0":{"loc":{"start":{"line":20,"column":0},"end":{"line":null,"column":-1}},"type":"binary-expr","locations":[{"start":{"line":20,"column":0},"end":{"line":null,"column":-1}},{"start":{"line":20,"column":0},"end":{"line":null,"column":-1}}]}},"s":{"0":0,"1":0,"2":0,"3":0,"4":0,"5":0},"f":{},"b":{"0":[0,0]}}
}
