TN:
SF:C:\Users\yt037\Desktop\kaikeba\projects\vue-study\src\App.vue
FNF:0
FNH:0
DA:29,0
DA:30,0
DA:31,0
DA:32,0
DA:33,0
DA:34,0
DA:35,0
DA:36,0
DA:40,0
DA:43,0
DA:67,0
DA:68,0
LF:12
LH:0
BRF:0
BRH:0
end_of_record
TN:
SF:C:\Users\yt037\Desktop\kaikeba\projects\vue-study\src\krouter.js
FNF:0
FNH:0
DA:1,0
DA:2,0
DA:3,0
DA:4,0
DA:7,0
LF:5
LH:0
BRF:0
BRH:0
end_of_record
TN:
SF:C:\Users\yt037\Desktop\kaikeba\projects\vue-study\src\kvue-router.js
FN:4,(anonymous_0)
FN:19,(anonymous_1)
FN:30,(anonymous_2)
FN:34,(anonymous_3)
FN:38,(anonymous_4)
FN:39,(anonymous_5)
FN:44,(anonymous_6)
FN:60,(anonymous_7)
FN:70,(anonymous_8)
FNF:9
FNH:0
FNDA:0,(anonymous_0)
FNDA:0,(anonymous_1)
FNDA:0,(anonymous_2)
FNDA:0,(anonymous_3)
FNDA:0,(anonymous_4)
FNDA:0,(anonymous_5)
FNDA:0,(anonymous_6)
FNDA:0,(anonymous_7)
FNDA:0,(anonymous_8)
DA:5,0
DA:8,0
DA:12,0
DA:21,0
DA:24,0
DA:27,0
DA:31,0
DA:32,0
DA:36,0
DA:39,0
DA:41,0
DA:46,0
DA:52,0
DA:58,0
DA:61,0
DA:62,0
DA:70,0
DA:71,0
DA:74,0
DA:80,0
DA:82,0
LF:21
LH:0
BRDA:36,0,0,0
BRDA:36,0,1,0
BRDA:80,1,0,0
BRDA:80,1,1,0
BRF:4
BRH:0
end_of_record
TN:
SF:C:\Users\yt037\Desktop\kaikeba\projects\vue-study\src\kvuex.js
FN:11,install
FN:26,(anonymous_1)
FN:40,(anonymous_2)
FN:46,(anonymous_3)
FN:52,(anonymous_4)
FN:56,(anonymous_5)
FN:58,(anonymous_6)
FNF:7
FNH:0
FNDA:0,install
FNDA:0,(anonymous_1)
FNDA:0,(anonymous_2)
FNDA:0,(anonymous_3)
FNDA:0,(anonymous_4)
FNDA:0,(anonymous_5)
FNDA:0,(anonymous_6)
DA:12,0
DA:15,0
DA:17,0
DA:18,0
DA:26,0
DA:28,0
DA:33,0
DA:34,0
DA:36,0
DA:42,0
DA:43,0
DA:47,0
DA:48,0
DA:53,0
DA:56,0
DA:57,0
DA:59,0
LF:17
LH:0
BRDA:17,0,0,0
BRDA:17,0,1,0
BRDA:26,1,0,0
BRDA:33,2,0,0
BRDA:33,2,1,0
BRDA:34,3,0,0
BRDA:34,3,1,0
BRDA:36,4,0,0
BRDA:36,4,1,0
BRF:9
BRH:0
end_of_record
TN:
SF:C:\Users\yt037\Desktop\kaikeba\projects\vue-study\src\main.js
FN:39,(anonymous_0)
FNF:1
FNH:0
FNDA:0,(anonymous_0)
DA:1,0
DA:2,0
DA:3,0
DA:4,0
DA:7,0
DA:9,0
DA:13,0
DA:15,0
DA:16,0
DA:18,0
DA:19,0
DA:24,0
DA:27,0
DA:36,0
DA:39,0
LF:15
LH:0
BRF:0
BRH:0
end_of_record
TN:
SF:C:\Users\yt037\Desktop\kaikeba\projects\vue-study\src\permission.js
FN:10,(anonymous_0)
FNF:1
FNH:0
FNDA:0,(anonymous_0)
DA:3,0
DA:4,0
DA:5,0
DA:6,0
DA:8,0
DA:10,0
DA:13,0
DA:16,0
DA:17,0
DA:19,0
DA:22,0
DA:23,0
DA:24,0
DA:26,0
DA:28,0
DA:31,0
DA:34,0
DA:37,0
DA:40,0
DA:41,0
DA:42,0
DA:48,0
DA:50,0
DA:53,0
LF:24
LH:0
BRDA:16,0,0,0
BRDA:16,0,1,0
BRDA:17,1,0,0
BRDA:17,1,1,0
BRDA:22,2,0,0
BRDA:22,2,1,0
BRDA:23,3,0,0
BRDA:23,3,1,0
BRDA:41,4,0,0
BRDA:41,4,1,0
BRDA:48,5,0,0
BRDA:48,5,1,0
BRF:12
BRH:0
end_of_record
TN:
SF:C:\Users\yt037\Desktop\kaikeba\projects\vue-study\src\api\user.js
FN:3,login
FN:11,getInfo
FNF:2
FNH:0
FNDA:0,login
FNDA:0,getInfo
DA:1,0
DA:4,0
DA:12,0
LF:3
LH:0
BRF:0
BRH:0
end_of_record
TN:
SF:C:\Users\yt037\Desktop\kaikeba\projects\vue-study\src\components\HelloWorld.vue
FN:28,(anonymous_1)
FNF:1
FNH:0
FNDA:0,(anonymous_1)
DA:23,1
DA:28,1
DA:29,0
LF:3
LH:2
BRF:0
BRH:0
end_of_record
TN:
SF:C:\Users\yt037\Desktop\kaikeba\projects\vue-study\src\components\Icon.vue
FNF:0
FNH:0
DA:22,0
DA:25,0
DA:26,0
DA:28,0
LF:4
LH:0
BRDA:25,0,0,0
BRDA:25,0,1,0
BRF:2
BRH:0
end_of_record
TN:
SF:C:\Users\yt037\Desktop\kaikeba\projects\vue-study\src\components\KVuexTest.vue
FNF:0
FNH:0
DA:15,0
DA:18,0
DA:19,0
DA:20,0
LF:4
LH:0
BRDA:19,0,0,0
BRDA:19,0,1,0
BRF:2
BRH:0
end_of_record
TN:
SF:C:\Users\yt037\Desktop\kaikeba\projects\vue-study\src\components\VuexTest.vue
FNF:0
FNH:0
DA:15,0
DA:18,0
DA:19,0
DA:20,0
LF:4
LH:0
BRDA:19,0,0,0
BRDA:19,0,1,0
BRF:2
BRH:0
end_of_record
TN:
SF:C:\Users\yt037\Desktop\kaikeba\projects\vue-study\src\components\kaikeba.vue
FN:1,(anonymous_0)
FN:36,render
FNF:2
FNH:2
FNDA:1,(anonymous_0)
FNDA:3,render
DA:1,1
DA:4,1
DA:7,1
DA:15,1
DA:17,3
DA:23,2
DA:28,1
DA:33,1
DA:35,1
DA:36,3
DA:37,1
LF:11
LH:11
BRDA:35,0,0,1
BRDA:35,0,1,0
BRDA:35,1,0,0
BRDA:35,1,1,1
BRDA:36,2,0,3
BRDA:36,2,1,0
BRF:6
BRH:3
end_of_record
TN:
SF:C:\Users\yt037\Desktop\kaikeba\projects\vue-study\src\components\Notice\index.vue
FN:32,(anonymous_1)
FNF:1
FNH:0
FNDA:0,(anonymous_1)
DA:25,0
DA:31,0
DA:32,0
DA:33,0
DA:37,0
DA:38,0
LF:6
LH:0
BRF:0
BRH:0
end_of_record
TN:
SF:C:\Users\yt037\Desktop\kaikeba\projects\vue-study\src\components\SideMenu\Item.vue
FN:45,(anonymous_1)
FN:51,(anonymous_2)
FN:57,(anonymous_3)
FNF:3
FNH:0
FNDA:0,(anonymous_1)
FNDA:0,(anonymous_2)
FNDA:0,(anonymous_3)
DA:34,0
DA:46,0
DA:53,0
DA:58,0
DA:59,0
DA:64,0
LF:6
LH:0
BRDA:53,0,0,0
BRDA:53,0,1,0
BRDA:58,1,0,0
BRDA:58,1,1,0
BRF:4
BRH:0
end_of_record
TN:
SF:C:\Users\yt037\Desktop\kaikeba\projects\vue-study\src\components\SideMenu\index.vue
FNF:0
FNH:0
DA:13,0
DA:14,0
LF:2
LH:0
BRF:0
BRH:0
end_of_record
TN:
SF:C:\Users\yt037\Desktop\kaikeba\projects\vue-study\src\components\Sidebar\Item.vue
FNF:0
FNH:0
DA:16,0
DA:17,0
DA:19,0
DA:21,0
DA:24,0
DA:25,0
DA:27,0
LF:7
LH:0
BRDA:19,0,0,0
BRDA:19,0,1,0
BRDA:24,1,0,0
BRDA:24,1,1,0
BRF:4
BRH:0
end_of_record
TN:
SF:C:\Users\yt037\Desktop\kaikeba\projects\vue-study\src\components\Sidebar\SidebarItem.vue
FN:55,(anonymous_1)
FNF:1
FNH:0
FNDA:0,(anonymous_1)
DA:28,0
DA:29,0
DA:50,0
DA:51,0
DA:55,0
DA:56,0
DA:57,0
DA:60,0
DA:61,0
DA:66,0
DA:67,0
DA:71,0
DA:72,0
DA:73,0
DA:76,0
DA:79,0
LF:16
LH:0
BRDA:54,0,0,0
BRDA:56,1,0,0
BRDA:56,1,1,0
BRDA:66,2,0,0
BRDA:66,2,1,0
BRDA:71,3,0,0
BRDA:71,3,1,0
BRF:7
BRH:0
end_of_record
TN:
SF:C:\Users\yt037\Desktop\kaikeba\projects\vue-study\src\components\Sidebar\index.vue
FNF:0
FNH:0
DA:25,0
DA:26,0
DA:33,0
DA:34,0
DA:36,0
DA:37,0
DA:39,0
DA:42,0
LF:8
LH:0
BRDA:36,0,0,0
BRDA:36,0,1,0
BRF:2
BRH:0
end_of_record
TN:
SF:C:\Users\yt037\Desktop\kaikeba\projects\vue-study\src\components\communicate\Child1.vue
FN:35,(anonymous_1)
FN:38,(anonymous_2)
FNF:2
FNH:0
FNDA:0,(anonymous_1)
FNDA:0,(anonymous_2)
DA:13,0
DA:14,0
DA:21,0
DA:31,0
DA:35,0
DA:36,0
DA:38,0
DA:39,0
LF:8
LH:0
BRF:0
BRH:0
end_of_record
TN:
SF:C:\Users\yt037\Desktop\kaikeba\projects\vue-study\src\components\communicate\Child2.vue
FN:30,(anonymous_1)
FNF:1
FNH:0
FNDA:0,(anonymous_1)
DA:10,0
DA:16,0
DA:25,0
DA:30,0
DA:31,0
LF:5
LH:0
BRF:0
BRH:0
end_of_record
TN:
SF:C:\Users\yt037\Desktop\kaikeba\projects\vue-study\src\components\communicate\GrandChild1.vue
FN:19,(anonymous_1)
FN:22,(anonymous_2)
FN:25,(anonymous_3)
FNF:3
FNH:0
FNDA:0,(anonymous_1)
FNDA:0,(anonymous_2)
FNDA:0,(anonymous_3)
DA:13,0
DA:19,0
DA:20,0
DA:22,0
DA:23,0
DA:25,0
DA:26,0
LF:7
LH:0
BRF:0
BRH:0
end_of_record
TN:
SF:C:\Users\yt037\Desktop\kaikeba\projects\vue-study\src\components\communicate\GrandChild2.vue
FN:34,(anonymous_1)
FN:37,(anonymous_2)
FNF:2
FNH:0
FNDA:0,(anonymous_1)
FNDA:0,(anonymous_2)
DA:15,0
DA:23,0
DA:29,0
DA:34,0
DA:35,0
DA:37,0
DA:38,0
LF:7
LH:0
BRF:0
BRH:0
end_of_record
TN:
SF:C:\Users\yt037\Desktop\kaikeba\projects\vue-study\src\components\communicate\GrandGrandChild1.vue
FN:20,(anonymous_1)
FN:23,(anonymous_2)
FNF:2
FNH:0
FNDA:0,(anonymous_1)
FNDA:0,(anonymous_2)
DA:15,0
DA:20,0
DA:21,0
DA:23,0
DA:24,0
LF:5
LH:0
BRF:0
BRH:0
end_of_record
TN:
SF:C:\Users\yt037\Desktop\kaikeba\projects\vue-study\src\components\communicate\index.vue
FN:31,(anonymous_1)
FN:34,(anonymous_2)
FNF:2
FNH:0
FNDA:0,(anonymous_1)
FNDA:0,(anonymous_2)
DA:11,0
DA:12,0
DA:19,0
DA:26,0
DA:31,0
DA:32,0
DA:34,0
DA:35,0
LF:8
LH:0
BRF:0
BRH:0
end_of_record
TN:
SF:C:\Users\yt037\Desktop\kaikeba\projects\vue-study\src\components\form\KCheckBox.vue
FNF:0
FNH:0
DA:21,0
LF:1
LH:0
BRF:0
BRH:0
end_of_record
TN:
SF:C:\Users\yt037\Desktop\kaikeba\projects\vue-study\src\components\form\KForm.vue
FN:26,(anonymous_1)
FN:30,(anonymous_3)
FNF:2
FNH:0
FNDA:0,(anonymous_1)
FNDA:0,(anonymous_3)
DA:10,0
DA:26,0
DA:30,0
LF:3
LH:0
BRF:0
BRH:0
end_of_record
TN:
SF:C:\Users\yt037\Desktop\kaikeba\projects\vue-study\src\components\form\KFormItem.vue
FN:29,(anonymous_1)
FN:49,(anonymous_2)
FNF:2
FNH:0
FNDA:0,(anonymous_1)
FNDA:0,(anonymous_2)
DA:11,0
DA:15,0
DA:29,0
DA:30,0
DA:37,0
DA:40,0
DA:43,0
DA:46,0
DA:49,0
DA:50,0
DA:52,0
DA:55,0
LF:12
LH:0
BRDA:50,0,0,0
BRDA:50,0,1,0
BRF:2
BRH:0
end_of_record
TN:
SF:C:\Users\yt037\Desktop\kaikeba\projects\vue-study\src\components\form\KInput.vue
FNF:0
FNH:0
DA:11,0
DA:24,0
DA:28,0
LF:3
LH:0
BRF:0
BRH:0
end_of_record
TN:
SF:C:\Users\yt037\Desktop\kaikeba\projects\vue-study\src\components\form\index.vue
FN:55,(anonymous_1)
FNF:1
FNH:0
FNDA:0,(anonymous_1)
DA:23,0
DA:24,0
DA:25,0
DA:26,0
DA:27,0
DA:28,0
DA:38,0
DA:55,0
DA:56,0
DA:62,0
LF:10
LH:0
BRDA:58,0,0,0
BRDA:58,0,1,0
BRF:2
BRH:0
end_of_record
TN:
SF:C:\Users\yt037\Desktop\kaikeba\projects\vue-study\src\components\recursion\index.vue
FNF:0
FNH:0
DA:8,0
DA:12,0
LF:2
LH:0
BRF:0
BRH:0
end_of_record
TN:
SF:C:\Users\yt037\Desktop\kaikeba\projects\vue-study\src\components\slots\Comp3.vue
FNF:0
FNH:0
DA:14,0
LF:1
LH:0
BRF:0
BRH:0
end_of_record
TN:
SF:C:\Users\yt037\Desktop\kaikeba\projects\vue-study\src\components\slots\index.vue
FNF:0
FNH:0
DA:20,0
DA:21,0
DA:22,0
LF:3
LH:0
BRF:0
BRH:0
end_of_record
TN:
SF:C:\Users\yt037\Desktop\kaikeba\projects\vue-study\src\components\tree\Item.vue
FN:21,(anonymous_1)
FN:27,(anonymous_2)
FN:32,(anonymous_3)
FNF:3
FNH:0
FNDA:0,(anonymous_1)
FNDA:0,(anonymous_2)
FNDA:0,(anonymous_3)
DA:22,0
DA:28,0
DA:33,0
DA:34,0
LF:4
LH:0
BRDA:28,0,0,0
BRDA:28,0,1,0
BRDA:33,1,0,0
BRDA:33,1,1,0
BRF:4
BRH:0
end_of_record
TN:
SF:C:\Users\yt037\Desktop\kaikeba\projects\vue-study\src\components\tree\index.vue
FNF:0
FNH:0
DA:9,0
DA:13,0
LF:2
LH:0
BRF:0
BRH:0
end_of_record
TN:
SF:C:\Users\yt037\Desktop\kaikeba\projects\vue-study\src\directive\permission.js
FN:18,(anonymous_0)
FNF:1
FNH:0
FNDA:0,(anonymous_0)
DA:1,0
DA:10,0
DA:11,0
DA:13,0
DA:15,0
DA:18,0
DA:19,0
DA:23,0
DA:24,0
DA:28,0
LF:10
LH:0
BRDA:15,0,0,0
BRDA:15,0,1,0
BRDA:15,1,0,0
BRDA:15,1,1,0
BRDA:15,1,2,0
BRDA:23,2,0,0
BRDA:23,2,1,0
BRDA:24,3,0,0
BRDA:24,3,1,0
BRF:9
BRH:0
end_of_record
TN:
SF:C:\Users\yt037\Desktop\kaikeba\projects\vue-study\src\icons\index.js
FNF:0
FNH:0
DA:1,0
DA:2,0
DA:7,0
DA:8,0
DA:12,0
LF:5
LH:0
BRF:0
BRH:0
end_of_record
TN:
SF:C:\Users\yt037\Desktop\kaikeba\projects\vue-study\src\layout\index.vue
FNF:0
FNH:0
DA:12,0
DA:13,0
LF:2
LH:0
BRF:0
BRH:0
end_of_record
TN:
SF:C:\Users\yt037\Desktop\kaikeba\projects\vue-study\src\mixins\emmiter.js
FN:19,boardcast
FN:20,(anonymous_1)
FNF:2
FNH:0
FNDA:0,boardcast
FNDA:0,(anonymous_1)
DA:4,0
DA:6,0
DA:8,0
DA:10,0
DA:14,0
DA:20,0
DA:22,0
DA:23,0
DA:25,0
LF:9
LH:0
BRDA:23,0,0,0
BRDA:23,0,1,0
BRF:2
BRH:0
end_of_record
TN:
SF:C:\Users\yt037\Desktop\kaikeba\projects\vue-study\src\plugins\bus.js
FN:2,(anonymous_0)
FN:3,(anonymous_1)
FN:4,(anonymous_2)
FN:7,(anonymous_3)
FNF:4
FNH:0
FNDA:0,(anonymous_0)
FNDA:0,(anonymous_1)
FNDA:0,(anonymous_2)
FNDA:0,(anonymous_3)
DA:7,0
DA:8,0
LF:2
LH:0
BRF:0
BRH:0
end_of_record
TN:
SF:C:\Users\yt037\Desktop\kaikeba\projects\vue-study\src\plugins\element.js
FNF:0
FNH:0
DA:1,0
DA:2,0
DA:3,0
DA:5,0
LF:4
LH:0
BRF:0
BRH:0
end_of_record
TN:
SF:C:\Users\yt037\Desktop\kaikeba\projects\vue-study\src\router\index.js
FN:14,(anonymous_0)
FN:25,(anonymous_2)
FN:35,(anonymous_4)
FN:56,(anonymous_6)
FN:68,(anonymous_8)
FNF:5
FNH:0
FNDA:0,(anonymous_0)
FNDA:0,(anonymous_2)
FNDA:0,(anonymous_4)
FNDA:0,(anonymous_6)
FNDA:0,(anonymous_8)
DA:1,0
DA:2,0
DA:6,0
DA:11,0
DA:14,0
DA:25,0
DA:35,0
DA:48,0
DA:56,0
DA:68,0
LF:10
LH:0
BRF:0
BRH:0
end_of_record
TN:
SF:C:\Users\yt037\Desktop\kaikeba\projects\vue-study\src\store\count.js
FN:20,(anonymous_0)
FN:21,(anonymous_1)
FNF:2
FNH:0
FNDA:0,(anonymous_0)
FNDA:0,(anonymous_1)
DA:8,0
DA:13,0
DA:20,0
DA:21,0
DA:22,0
DA:23,0
LF:6
LH:0
BRDA:7,0,0,0
BRF:1
BRH:0
end_of_record
TN:
SF:C:\Users\yt037\Desktop\kaikeba\projects\vue-study\src\store\index.js
FN:14,(anonymous_0)
FN:15,(anonymous_1)
FN:16,(anonymous_2)
FNF:3
FNH:0
FNDA:0,(anonymous_0)
FNDA:0,(anonymous_1)
FNDA:0,(anonymous_2)
DA:1,0
DA:2,0
DA:4,0
DA:5,0
DA:6,0
DA:14,0
DA:15,0
DA:16,0
LF:8
LH:0
BRF:0
BRH:0
end_of_record
TN:
SF:C:\Users\yt037\Desktop\kaikeba\projects\vue-study\src\store\kindex.js
FN:24,(anonymous_0)
FN:25,(anonymous_1)
FNF:2
FNH:0
FNDA:0,(anonymous_0)
FNDA:0,(anonymous_1)
DA:1,0
DA:2,0
DA:4,0
DA:12,0
DA:17,0
DA:24,0
DA:25,0
DA:26,0
DA:27,0
LF:9
LH:0
BRDA:11,0,0,0
BRF:1
BRH:0
end_of_record
TN:
SF:C:\Users\yt037\Desktop\kaikeba\projects\vue-study\src\store\permission.js
FN:8,hasPermission
FN:12,(anonymous_1)
FN:24,filterAsyncRoutes
FN:27,(anonymous_3)
FN:49,(anonymous_4)
FN:60,(anonymous_5)
FNF:6
FNH:0
FNDA:0,hasPermission
FNDA:0,(anonymous_1)
FNDA:0,filterAsyncRoutes
FNDA:0,(anonymous_3)
FNDA:0,(anonymous_4)
FNDA:0,(anonymous_5)
DA:1,0
DA:10,0
DA:12,0
DA:15,0
DA:25,0
DA:27,0
DA:29,0
DA:31,0
DA:33,0
DA:34,0
DA:36,0
DA:40,0
DA:43,0
DA:48,0
DA:51,0
DA:53,0
DA:57,0
DA:60,0
DA:63,0
DA:64,0
DA:67,0
DA:69,0
DA:70,0
LF:23
LH:0
BRDA:10,0,0,0
BRDA:10,0,1,0
BRDA:10,1,0,0
BRDA:10,1,1,0
BRDA:31,2,0,0
BRDA:31,2,1,0
BRDA:33,3,0,0
BRDA:33,3,1,0
BRDA:63,4,0,0
BRDA:63,4,1,0
BRDA:64,5,0,0
BRDA:64,5,1,0
BRF:12
BRH:0
end_of_record
TN:
SF:C:\Users\yt037\Desktop\kaikeba\projects\vue-study\src\store\user.js
FN:9,(anonymous_0)
FN:12,(anonymous_1)
FN:21,(anonymous_2)
FN:42,(anonymous_3)
FN:57,(anonymous_4)
FNF:5
FNH:0
FNDA:0,(anonymous_0)
FNDA:0,(anonymous_1)
FNDA:0,(anonymous_2)
FNDA:0,(anonymous_3)
FNDA:0,(anonymous_4)
DA:1,0
DA:2,0
DA:3,0
DA:8,0
DA:10,0
DA:13,0
DA:17,0
DA:21,0
DA:22,0
DA:23,0
DA:42,0
DA:43,0
DA:44,0
DA:57,0
DA:58,0
DA:59,0
DA:60,0
DA:61,0
LF:18
LH:0
BRF:0
BRH:0
end_of_record
TN:
SF:C:\Users\yt037\Desktop\kaikeba\projects\vue-study\src\utils\auth.js
FN:3,getToken
FN:7,setToken
FN:11,removeToken
FNF:3
FNH:0
FNDA:0,getToken
FNDA:0,setToken
FNDA:0,removeToken
DA:1,0
DA:4,0
DA:8,0
DA:12,0
LF:4
LH:0
BRF:0
BRH:0
end_of_record
TN:
SF:C:\Users\yt037\Desktop\kaikeba\projects\vue-study\src\utils\create.js
FN:4,create
FN:22,(anonymous_1)
FNF:2
FNH:0
FNDA:0,create
FNDA:0,(anonymous_1)
DA:2,0
DA:6,0
DA:9,0
DA:15,0
DA:17,0
DA:19,0
DA:22,0
DA:23,0
DA:24,0
DA:28,0
LF:10
LH:0
BRF:0
BRH:0
end_of_record
TN:
SF:C:\Users\yt037\Desktop\kaikeba\projects\vue-study\src\utils\request.js
FN:17,(anonymous_0)
FN:28,(anonymous_1)
FN:38,(anonymous_2)
FN:61,(anonymous_3)
FN:62,(anonymous_4)
FN:72,(anonymous_5)
FNF:6
FNH:0
FNDA:0,(anonymous_0)
FNDA:0,(anonymous_1)
FNDA:0,(anonymous_2)
FNDA:0,(anonymous_3)
FNDA:0,(anonymous_4)
FNDA:0,(anonymous_5)
DA:1,0
DA:2,0
DA:3,0
DA:4,0
DA:7,0
DA:21,0
DA:23,0
DA:26,0
DA:31,0
DA:36,0
DA:40,0
DA:43,0
DA:44,0
DA:51,0
DA:53,0
DA:62,0
DA:63,0
DA:67,0
DA:69,0
DA:74,0
DA:79,0
LF:21
LH:0
BRDA:21,0,0,0
BRDA:21,0,1,0
BRDA:43,1,0,0
BRDA:43,1,1,0
BRDA:45,2,0,0
BRDA:45,2,1,0
BRDA:51,3,0,0
BRDA:51,3,1,0
BRDA:51,4,0,0
BRDA:51,4,1,0
BRDA:51,4,2,0
BRDA:67,5,0,0
BRDA:67,5,1,0
BRF:13
BRH:0
end_of_record
TN:
SF:C:\Users\yt037\Desktop\kaikeba\projects\vue-study\src\views\Detail.vue
FN:26,(anonymous_1)
FNF:1
FNH:0
FNDA:0,(anonymous_1)
DA:18,0
DA:25,0
DA:26,0
LF:3
LH:0
BRDA:26,0,0,0
BRDA:26,0,1,0
BRF:2
BRH:0
end_of_record
TN:
SF:C:\Users\yt037\Desktop\kaikeba\projects\vue-study\src\views\Home.vue
FNF:0
FNH:0
DA:12,0
LF:1
LH:0
BRF:0
BRH:0
end_of_record
TN:
SF:C:\Users\yt037\Desktop\kaikeba\projects\vue-study\src\views\Login.vue
FNF:0
FNH:0
DA:12,0
DA:18,0
DA:19,0
DA:20,0
DA:21,0
DA:23,0
LF:6
LH:0
BRDA:20,0,0,0
BRDA:20,0,1,0
BRF:2
BRH:0
end_of_record
